<html>
<head>
<title>TestNG:  test</title>
<link href="../testng.css" rel="stylesheet" type="text/css" />
<link href="../my-testng.css" rel="stylesheet" type="text/css" />

<style type="text/css">
.log { display: none;} 
.stack-trace { display: none;} 
</style>
<script type="text/javascript">
<!--
function flip(e) {
  current = e.style.display;
  if (current == 'block') {
    e.style.display = 'none';
    return 0;
  }
  else {
    e.style.display = 'block';
    return 1;
  }
}

function toggleBox(szDivId, elem, msg1, msg2)
{
  var res = -1;  if (document.getElementById) {
    res = flip(document.getElementById(szDivId));
  }
  else if (document.all) {
    // this is the way old msie versions work
    res = flip(document.all[szDivId]);
  }
  if(elem) {
    if(res == 0) elem.innerHTML = msg1; else elem.innerHTML = msg2;
  }

}

function toggleAllBoxes() {
  if (document.getElementsByTagName) {
    d = document.getElementsByTagName('div');
    for (i = 0; i < d.length; i++) {
      if (d[i].className == 'log') {
        flip(d[i]);
      }
    }
  }
}

// -->
</script>

</head>
<body>
<h2 align='center'>test</h2><table border='1' align="center">
<tr>
<td>Tests passed/Failed/Skipped:</td><td>14/1/0</td>
</tr><tr>
<td>Started on:</td><td>Mon Aug 30 03:08:32 IST 2021</td>
</tr>
<tr><td>Total time:</td><td>206 seconds (206614 ms)</td>
</tr><tr>
<td>Included groups:</td><td>regression Req </td>
</tr><tr>
<td>Excluded groups:</td><td></td>
</tr>
</table><p/>
<small><i>(Hover the method name to see the test class name)</i></small><p/>
<table width='100%' border='1' class='invocation-failed'>
<tr><td colspan='4' align='center'><b>FAILED TESTS</b></td></tr>
<tr><td><b>Test method</b></td>
<td width="30%"><b>Exception</b></td>
<td width="10%"><b>Time (seconds)</b></td>
<td><b>Instance</b></td>
</tr>
<tr>
<td title='TestCases.MTestCase.verifyClickingOnPayNowRedirectToBankPaymentScreenThanVerifyAllExitingDetails()'><b>verifyClickingOnPayNowRedirectToBankPaymentScreenThanVerifyAllExitingDetails</b><br>Test class: TestCases.MTestCase</td>
<td><div><pre>java.lang.AssertionError: expected [true] but found [false]
	at TestCases.MTestCase.verifyClickingOnPayNowRedirectToBankPaymentScreenThanVerifyAllExitingDetails(MTestCase.java:159)
... Removed 32 stack frames</pre></div><a href='#' onClick='toggleBox("stack-trace9372046", this, "Click to show all stack frames", "Click to hide stack frames")'>Click to show all stack frames</a>
<div class='stack-trace' id='stack-trace9372046'><pre>java.lang.AssertionError: expected [true] but found [false]
	at org.testng.Assert.fail(Assert.java:96)
	at org.testng.Assert.failNotEquals(Assert.java:776)
	at org.testng.Assert.assertTrue(Assert.java:44)
	at org.testng.Assert.assertTrue(Assert.java:54)
	at TestCases.MTestCase.verifyClickingOnPayNowRedirectToBankPaymentScreenThanVerifyAllExitingDetails(MTestCase.java:159)
	at sun.reflect.NativeMethodAccessorImpl.invoke0(Native Method)
	at sun.reflect.NativeMethodAccessorImpl.invoke(NativeMethodAccessorImpl.java:62)
	at sun.reflect.DelegatingMethodAccessorImpl.invoke(DelegatingMethodAccessorImpl.java:43)
	at java.lang.reflect.Method.invoke(Method.java:498)
	at org.testng.internal.MethodInvocationHelper.invokeMethod(MethodInvocationHelper.java:124)
	at org.testng.internal.Invoker.invokeMethod(Invoker.java:583)
	at org.testng.internal.Invoker.invokeTestMethod(Invoker.java:719)
	at org.testng.internal.Invoker.invokeTestMethods(Invoker.java:989)
	at org.testng.internal.TestMethodWorker.invokeTestMethods(TestMethodWorker.java:125)
	at org.testng.internal.TestMethodWorker.run(TestMethodWorker.java:109)
	at org.testng.TestRunner.privateRun(TestRunner.java:648)
	at org.testng.TestRunner.run(TestRunner.java:505)
	at org.testng.SuiteRunner.runTest(SuiteRunner.java:455)
	at org.testng.SuiteRunner.runSequentially(SuiteRunner.java:450)
	at org.testng.SuiteRunner.privateRun(SuiteRunner.java:415)
	at org.testng.SuiteRunner.run(SuiteRunner.java:364)
	at org.testng.SuiteRunnerWorker.runSuite(SuiteRunnerWorker.java:52)
	at org.testng.SuiteRunnerWorker.run(SuiteRunnerWorker.java:84)
	at org.testng.TestNG.runSuitesSequentially(TestNG.java:1208)
	at org.testng.TestNG.runSuitesLocally(TestNG.java:1137)
	at org.testng.TestNG.runSuites(TestNG.java:1049)
	at org.testng.TestNG.run(TestNG.java:1017)
	at org.apache.maven.surefire.testng.TestNGExecutor.run(TestNGExecutor.java:281)
	at org.apache.maven.surefire.testng.TestNGXmlTestSuite.execute(TestNGXmlTestSuite.java:75)
	at org.apache.maven.surefire.testng.TestNGProvider.invoke(TestNGProvider.java:121)
	at org.apache.maven.surefire.booter.ForkedBooter.invokeProviderInSameClassLoader(ForkedBooter.java:290)
	at org.apache.maven.surefire.booter.ForkedBooter.runSuitesInProcess(ForkedBooter.java:242)
	at org.apache.maven.surefire.booter.ForkedBooter.main(ForkedBooter.java:121)
</pre></div></td>
<td>17</td>
<td>TestCases.MTestCase@17f6480</td></tr>
</table><p>
<table width='100%' border='1' class='invocation-passed'>
<tr><td colspan='4' align='center'><b>PASSED TESTS</b></td></tr>
<tr><td><b>Test method</b></td>
<td width="30%"><b>Exception</b></td>
<td width="10%"><b>Time (seconds)</b></td>
<td><b>Instance</b></td>
</tr>
<tr>
<td title='TestCases.MTestCase.verifyAfterEnteringValidCardDetailsPayNowEnabled()'><b>verifyAfterEnteringValidCardDetailsPayNowEnabled</b><br>Test class: TestCases.MTestCase</td>
<td></td>
<td>17</td>
<td>TestCases.MTestCase@17f6480</td></tr>
<tr>
<td title='TestCases.MTestCase.verifyAllPaymentOptionsListOnPaymentPage()'><b>verifyAllPaymentOptionsListOnPaymentPage</b><br>Test class: TestCases.MTestCase</td>
<td></td>
<td>3</td>
<td>TestCases.MTestCase@17f6480</td></tr>
<tr>
<td title='TestCases.MTestCase.verifyCheckOutDetails()'><b>verifyCheckOutDetails</b><br>Test class: TestCases.MTestCase</td>
<td></td>
<td>0</td>
<td>TestCases.MTestCase@17f6480</td></tr>
<tr>
<td title='TestCases.MTestCase.verifyClickOnBuyNowRedirectToCheckOutPage()'><b>verifyClickOnBuyNowRedirectToCheckOutPage</b><br>Test class: TestCases.MTestCase</td>
<td></td>
<td>0</td>
<td>TestCases.MTestCase@17f6480</td></tr>
<tr>
<td title='TestCases.MTestCase.verifyClickOnCreditDebitCardPaymentMethodRedirectedCardDetailsScreen()'><b>verifyClickOnCreditDebitCardPaymentMethodRedirectedCardDetailsScreen</b><br>Test class: TestCases.MTestCase</td>
<td></td>
<td>3</td>
<td>TestCases.MTestCase@17f6480</td></tr>
<tr>
<td title='TestCases.MTestCase.verifyClickingOnCheckoutButtonRedirectToOrderSummaryPopup()'><b>verifyClickingOnCheckoutButtonRedirectToOrderSummaryPopup</b><br>Test class: TestCases.MTestCase</td>
<td></td>
<td>2</td>
<td>TestCases.MTestCase@17f6480</td></tr>
<tr>
<td title='TestCases.MTestCase.verifyClickingOnContinueButtonRedirectSelectPaymentPage()'><b>verifyClickingOnContinueButtonRedirectSelectPaymentPage</b><br>Test class: TestCases.MTestCase</td>
<td></td>
<td>2</td>
<td>TestCases.MTestCase@17f6480</td></tr>
<tr>
<td title='TestCases.MTestCase.verifyMidTransPillowAddedToCartWith20000()'><b>verifyMidTransPillowAddedToCartWith20000</b><br>Test class: TestCases.MTestCase</td>
<td></td>
<td>0</td>
<td>TestCases.MTestCase@17f6480</td></tr>
<tr>
<td title='TestCases.MTestCase.verifyNameEmailPhoneCityAddressPostalCodeFieldsAreEditable()'><b>verifyNameEmailPhoneCityAddressPostalCodeFieldsAreEditable</b><br>Test class: TestCases.MTestCase</td>
<td></td>
<td>2</td>
<td>TestCases.MTestCase@17f6480</td></tr>
<tr>
<td title='TestCases.MTestCase.verifyOnClickingCancelButtonRedirectToOrderFailedScreen()'><b>verifyOnClickingCancelButtonRedirectToOrderFailedScreen</b><br>Test class: TestCases.MTestCase</td>
<td></td>
<td>21</td>
<td>TestCases.MTestCase@17f6480</td></tr>
<tr>
<td title='TestCases.MTestCase.verifyOnClickingOKButtonWithInvalidOTPRedirectToOrderFailedScreen()'><b>verifyOnClickingOKButtonWithInvalidOTPRedirectToOrderFailedScreen</b><br>Test class: TestCases.MTestCase</td>
<td></td>
<td>30</td>
<td>TestCases.MTestCase@17f6480</td></tr>
<tr>
<td title='TestCases.MTestCase.verifyOnClickingOKButtonWithValidOTPRedirectToOrderSuccssfullScreen()'><b>verifyOnClickingOKButtonWithValidOTPRedirectToOrderSuccssfullScreen</b><br>Test class: TestCases.MTestCase</td>
<td></td>
<td>29</td>
<td>TestCases.MTestCase@17f6480</td></tr>
<tr>
<td title='TestCases.MTestCase.verifyOrderAmountAndApplyCouponCodeAndValidate()'><b>verifyOrderAmountAndApplyCouponCodeAndValidate</b><br>Test class: TestCases.MTestCase</td>
<td></td>
<td>5</td>
<td>TestCases.MTestCase@17f6480</td></tr>
<tr>
<td title='TestCases.MTestCase.verifyPriceProductNameDetailsOnOrderSummeryPopup()'><b>verifyPriceProductNameDetailsOnOrderSummeryPopup</b><br>Test class: TestCases.MTestCase</td>
<td></td>
<td>5</td>
<td>TestCases.MTestCase@17f6480</td></tr>
</table><p>
</body>
</html>