<?xml version="1.0" encoding="UTF-8"?>
<!-- Generated by org.testng.reporters.JUnitXMLReporter -->
<testsuite hostname="BhushanVerma-ProcessQA" ignored="0" name="test" tests="15" failures="0" timestamp="30 Aug 2021 10:51:16 GMT" time="209.202" errors="0">
  <testcase name="verifyMidTransPillowAddedToCartWith20000" time="0.632" classname="TestCases.MTestCase"/>
  <testcase name="verifyClickOnBuyNowRedirectToCheckOutPage" time="0.457" classname="TestCases.MTestCase"/>
  <testcase name="verifyCheckOutDetails" time="0.37" classname="TestCases.MTestCase"/>
  <testcase name="verifyNameEmailPhoneCityAddressPostalCodeFieldsAreEditable" time="2.596" classname="TestCases.MTestCase"/>
  <testcase name="verifyClickingOnCheckoutButtonRedirectToOrderSummaryPopup" time="6.104" classname="TestCases.MTestCase"/>
  <testcase name="verifyPriceProductNameDetailsOnOrderSummeryPopup" time="9.92" classname="TestCases.MTestCase"/>
  <testcase name="verifyClickingOnContinueButtonRedirectSelectPaymentPage" time="6.415" classname="TestCases.MTestCase"/>
  <testcase name="verifyAllPaymentOptionsListOnPaymentPage" time="7.388" classname="TestCases.MTestCase"/>
  <testcase name="verifyClickOnCreditDebitCardPaymentMethodRedirectedCardDetailsScreen" time="7.326" classname="TestCases.MTestCase"/>
  <testcase name="verifyOrderAmountAndApplyCouponCodeAndValidate" time="8.432" classname="TestCases.MTestCase"/>
  <testcase name="verifyAfterEnteringValidCardDetailsPayNowEnabled" time="18.489" classname="TestCases.MTestCase"/>
  <testcase name="verifyClickingOnPayNowRedirectToBankPaymentScreenThanVerifyAllExitingDetails" time="18.911" classname="TestCases.MTestCase"/>
  <testcase name="verifyOnClickingOKButtonWithValidOTPRedirectToOrderSuccssfullScreen" time="26.279" classname="TestCases.MTestCase"/>
  <testcase name="verifyOnClickingOKButtonWithInvalidOTPRedirectToOrderFailedScreen" time="30.471" classname="TestCases.MTestCase"/>
  <testcase name="verifyOnClickingCancelButtonRedirectToOrderFailedScreen" time="24.982" classname="TestCases.MTestCase"/>
</testsuite> <!-- test -->
