<?xml version="1.0" encoding="UTF-8"?>
<!-- Generated by org.testng.reporters.JUnitXMLReporter -->
<testsuite hostname="BhushanVerma-ProcessQA" ignored="9" name="test" tests="6" failures="0" timestamp="29 Aug 2021 21:56:52 GMT" time="85.615" errors="0">
  <testcase name="verifyClickOnBuyNowRedirectToCheckOutPage" time="0.325" classname="TestCases.MTestCase"/>
  <testcase name="verifyClickingOnCheckoutButtonRedirectToOrderSummaryPopup" time="2.687" classname="TestCases.MTestCase"/>
  <testcase name="verifyClickingOnContinueButtonRedirectSelectPaymentPage" time="3.051" classname="TestCases.MTestCase"/>
  <testcase name="verifyClickOnCreditDebitCardPaymentMethodRedirectedCardDetailsScreen" time="3.978" classname="TestCases.MTestCase"/>
  <testcase name="verifyAfterEnteringValidCardDetailsPayNowEnabled" time="17.244" classname="TestCases.MTestCase"/>
  <testcase name="verifyOnClickingOKButtonWithValidOTPRedirectToOrderSuccssfullScreen" time="28.931" classname="TestCases.MTestCase"/>
  <testcase name="verifyAllPaymentOptionsListOnPaymentPage" time="0.0" classname="TestCases.MTestCase">
    <ignored/>
  </testcase> <!-- verifyAllPaymentOptionsListOnPaymentPage -->
  <testcase name="verifyClickingOnPayNowRedirectToBankPaymentScreenThanVerifyAllExitingDetails" time="0.0" classname="TestCases.MTestCase">
    <ignored/>
  </testcase> <!-- verifyClickingOnPayNowRedirectToBankPaymentScreenThanVerifyAllExitingDetails -->
  <testcase name="verifyNameEmailPhoneCityAddressPostalCodeFieldsAreEditable" time="0.0" classname="TestCases.MTestCase">
    <ignored/>
  </testcase> <!-- verifyNameEmailPhoneCityAddressPostalCodeFieldsAreEditable -->
  <testcase name="verifyOnClickingCancelButtonRedirectToOrderFailedScreen" time="0.0" classname="TestCases.MTestCase">
    <ignored/>
  </testcase> <!-- verifyOnClickingCancelButtonRedirectToOrderFailedScreen -->
  <testcase name="verifyOnClickingOKButtonWithInvalidOTPRedirectToOrderFailedScreen" time="0.0" classname="TestCases.MTestCase">
    <ignored/>
  </testcase> <!-- verifyOnClickingOKButtonWithInvalidOTPRedirectToOrderFailedScreen -->
  <testcase name="verifyMidTransPillowAddedToCartWith20000" time="0.0" classname="TestCases.MTestCase">
    <ignored/>
  </testcase> <!-- verifyMidTransPillowAddedToCartWith20000 -->
  <testcase name="verifyOrderAmountAndApplyCouponCodeAndValidate" time="0.0" classname="TestCases.MTestCase">
    <ignored/>
  </testcase> <!-- verifyOrderAmountAndApplyCouponCodeAndValidate -->
  <testcase name="verifyPriceProductNameDetailsOnOrderSummeryPopup" time="0.0" classname="TestCases.MTestCase">
    <ignored/>
  </testcase> <!-- verifyPriceProductNameDetailsOnOrderSummeryPopup -->
  <testcase name="verifyCheckOutDetails" time="0.0" classname="TestCases.MTestCase">
    <ignored/>
  </testcase> <!-- verifyCheckOutDetails -->
</testsuite> <!-- test -->
