<?xml version="1.0" encoding="UTF-8"?>
<!-- Generated by org.testng.reporters.JUnitXMLReporter -->
<testsuite hostname="BhushanVerma-ProcessQA" ignored="0" name="test" tests="15" failures="15" timestamp="29 Aug 2021 20:41:43 GMT" time="0.08" errors="0">
  <testcase name="verifyMidTransPillowAddedToCartWith20000" time="0.014" classname="TestCases.MTestCase">
    <failure type="java.lang.NullPointerException">
      <![CDATA[java.lang.NullPointerException
at TestCases.MTestCase.verifyMidTransPillowAddedToCartWith20000(MTestCase.java:40)
... Removed 28 stack frames]]>
    </failure>
  </testcase> <!-- verifyMidTransPillowAddedToCartWith20000 -->
  <testcase name="verifyClickOnBuyNowRedirectToCheckOutPage" time="0.0" classname="TestCases.MTestCase">
    <failure type="java.lang.NullPointerException">
      <![CDATA[java.lang.NullPointerException
at TestCases.MTestCase.verifyClickOnBuyNowRedirectToCheckOutPage(MTestCase.java:50)
... Removed 28 stack frames]]>
    </failure>
  </testcase> <!-- verifyClickOnBuyNowRedirectToCheckOutPage -->
  <testcase name="verifyCheckOutDetails" time="0.0" classname="TestCases.MTestCase">
    <failure type="java.lang.NullPointerException">
      <![CDATA[java.lang.NullPointerException
at TestCases.MTestCase.verifyCheckOutDetails(MTestCase.java:57)
... Removed 28 stack frames]]>
    </failure>
  </testcase> <!-- verifyCheckOutDetails -->
  <testcase name="verifyNameEmailPhoneCityAddressPostalCodeFieldsAreEditable" time="0.0" classname="TestCases.MTestCase">
    <failure type="java.lang.NullPointerException">
      <![CDATA[java.lang.NullPointerException
at TestCases.MTestCase.verifyNameEmailPhoneCityAddressPostalCodeFieldsAreEditable(MTestCase.java:70)
... Removed 28 stack frames]]>
    </failure>
  </testcase> <!-- verifyNameEmailPhoneCityAddressPostalCodeFieldsAreEditable -->
  <testcase name="verifyClickingOnCheckoutButtonRedirectToOrderSummaryPopup" time="0.0" classname="TestCases.MTestCase">
    <failure type="java.lang.NullPointerException">
      <![CDATA[java.lang.NullPointerException
at TestCases.MTestCase.verifyClickOnBuyNowRedirectToCheckOutPage(MTestCase.java:50)
at TestCases.MTestCase.verifyClickingOnCheckoutButtonRedirectToOrderSummaryPopup(MTestCase.java:82)
... Removed 28 stack frames]]>
    </failure>
  </testcase> <!-- verifyClickingOnCheckoutButtonRedirectToOrderSummaryPopup -->
  <testcase name="verifyPriceProductNameDetailsOnOrderSummeryPopup" time="0.0" classname="TestCases.MTestCase">
    <failure type="java.lang.NullPointerException">
      <![CDATA[java.lang.NullPointerException
at TestCases.MTestCase.verifyNameEmailPhoneCityAddressPostalCodeFieldsAreEditable(MTestCase.java:70)
at TestCases.MTestCase.verifyPriceProductNameDetailsOnOrderSummeryPopup(MTestCase.java:90)
... Removed 28 stack frames]]>
    </failure>
  </testcase> <!-- verifyPriceProductNameDetailsOnOrderSummeryPopup -->
  <testcase name="verifyClickingOnContinueButtonRedirectSelectPaymentPage" time="0.0" classname="TestCases.MTestCase">
    <failure type="java.lang.NullPointerException">
      <![CDATA[java.lang.NullPointerException
at TestCases.MTestCase.verifyClickOnBuyNowRedirectToCheckOutPage(MTestCase.java:50)
at TestCases.MTestCase.verifyClickingOnContinueButtonRedirectSelectPaymentPage(MTestCase.java:103)
... Removed 28 stack frames]]>
    </failure>
  </testcase> <!-- verifyClickingOnContinueButtonRedirectSelectPaymentPage -->
  <testcase name="verifyAllPaymentOptionsListOnPaymentPage" time="0.001" classname="TestCases.MTestCase">
    <failure type="java.lang.NullPointerException">
      <![CDATA[java.lang.NullPointerException
at TestCases.MTestCase.verifyClickOnBuyNowRedirectToCheckOutPage(MTestCase.java:50)
at TestCases.MTestCase.verifyClickingOnContinueButtonRedirectSelectPaymentPage(MTestCase.java:103)
at TestCases.MTestCase.verifyAllPaymentOptionsListOnPaymentPage(MTestCase.java:111)
... Removed 28 stack frames]]>
    </failure>
  </testcase> <!-- verifyAllPaymentOptionsListOnPaymentPage -->
  <testcase name="verifyClickOnCreditDebitCardPaymentMethodRedirectedCardDetailsScreen" time="0.0" classname="TestCases.MTestCase">
    <failure type="java.lang.NullPointerException">
      <![CDATA[java.lang.NullPointerException
at TestCases.MTestCase.verifyClickOnBuyNowRedirectToCheckOutPage(MTestCase.java:50)
at TestCases.MTestCase.verifyClickingOnContinueButtonRedirectSelectPaymentPage(MTestCase.java:103)
at TestCases.MTestCase.verifyClickOnCreditDebitCardPaymentMethodRedirectedCardDetailsScreen(MTestCase.java:131)
... Removed 28 stack frames]]>
    </failure>
  </testcase> <!-- verifyClickOnCreditDebitCardPaymentMethodRedirectedCardDetailsScreen -->
  <testcase name="verifyOrderAmountAndApplyCouponCodeAndValidate" time="0.0" classname="TestCases.MTestCase">
    <failure type="java.lang.NullPointerException">
      <![CDATA[java.lang.NullPointerException
at TestCases.MTestCase.verifyClickOnBuyNowRedirectToCheckOutPage(MTestCase.java:50)
at TestCases.MTestCase.verifyClickingOnContinueButtonRedirectSelectPaymentPage(MTestCase.java:103)
at TestCases.MTestCase.verifyClickOnCreditDebitCardPaymentMethodRedirectedCardDetailsScreen(MTestCase.java:131)
at TestCases.MTestCase.verifyOrderAmountAndApplyCouponCodeAndValidate(MTestCase.java:138)
... Removed 28 stack frames]]>
    </failure>
  </testcase> <!-- verifyOrderAmountAndApplyCouponCodeAndValidate -->
  <testcase name="verifyAfterEnteringValidCardDetailsPayNowEnabled" time="0.0" classname="TestCases.MTestCase">
    <failure type="java.lang.NullPointerException">
      <![CDATA[java.lang.NullPointerException
at TestCases.MTestCase.verifyClickOnBuyNowRedirectToCheckOutPage(MTestCase.java:50)
at TestCases.MTestCase.verifyClickingOnContinueButtonRedirectSelectPaymentPage(MTestCase.java:103)
at TestCases.MTestCase.verifyClickOnCreditDebitCardPaymentMethodRedirectedCardDetailsScreen(MTestCase.java:131)
at TestCases.MTestCase.verifyAfterEnteringValidCardDetailsPayNowEnabled(MTestCase.java:146)
... Removed 28 stack frames]]>
    </failure>
  </testcase> <!-- verifyAfterEnteringValidCardDetailsPayNowEnabled -->
  <testcase name="verifyClickingOnPayNowRedirectToBankPaymentScreenThanVerifyAllExitingDetails" time="0.0" classname="TestCases.MTestCase">
    <failure type="java.lang.NullPointerException">
      <![CDATA[java.lang.NullPointerException
at TestCases.MTestCase.verifyClickOnBuyNowRedirectToCheckOutPage(MTestCase.java:50)
at TestCases.MTestCase.verifyClickingOnContinueButtonRedirectSelectPaymentPage(MTestCase.java:103)
at TestCases.MTestCase.verifyClickOnCreditDebitCardPaymentMethodRedirectedCardDetailsScreen(MTestCase.java:131)
at TestCases.MTestCase.verifyAfterEnteringValidCardDetailsPayNowEnabled(MTestCase.java:146)
at TestCases.MTestCase.verifyClickingOnPayNowRedirectToBankPaymentScreenThanVerifyAllExitingDetails(MTestCase.java:155)
... Removed 28 stack frames]]>
    </failure>
  </testcase> <!-- verifyClickingOnPayNowRedirectToBankPaymentScreenThanVerifyAllExitingDetails -->
  <testcase name="verifyOnClickingOKButtonWithValidOTPRedirectToOrderSuccssfullScreen" time="0.0" classname="TestCases.MTestCase">
    <failure type="java.lang.NullPointerException">
      <![CDATA[java.lang.NullPointerException
at TestCases.MTestCase.verifyClickOnBuyNowRedirectToCheckOutPage(MTestCase.java:50)
at TestCases.MTestCase.verifyClickingOnContinueButtonRedirectSelectPaymentPage(MTestCase.java:103)
at TestCases.MTestCase.verifyClickOnCreditDebitCardPaymentMethodRedirectedCardDetailsScreen(MTestCase.java:131)
at TestCases.MTestCase.verifyAfterEnteringValidCardDetailsPayNowEnabled(MTestCase.java:146)
at TestCases.MTestCase.verifyOnClickingOKButtonWithValidOTPRedirectToOrderSuccssfullScreen(MTestCase.java:164)
... Removed 28 stack frames]]>
    </failure>
  </testcase> <!-- verifyOnClickingOKButtonWithValidOTPRedirectToOrderSuccssfullScreen -->
  <testcase name="verifyOnClickingOKButtonWithInvalidOTPRedirectToOrderFailedScreen" time="0.0" classname="TestCases.MTestCase">
    <failure type="java.lang.NullPointerException">
      <![CDATA[java.lang.NullPointerException
at TestCases.MTestCase.verifyClickOnBuyNowRedirectToCheckOutPage(MTestCase.java:50)
at TestCases.MTestCase.verifyClickingOnContinueButtonRedirectSelectPaymentPage(MTestCase.java:103)
at TestCases.MTestCase.verifyClickOnCreditDebitCardPaymentMethodRedirectedCardDetailsScreen(MTestCase.java:131)
at TestCases.MTestCase.verifyAfterEnteringValidCardDetailsPayNowEnabled(MTestCase.java:146)
at TestCases.MTestCase.verifyOnClickingOKButtonWithInvalidOTPRedirectToOrderFailedScreen(MTestCase.java:172)
... Removed 28 stack frames]]>
    </failure>
  </testcase> <!-- verifyOnClickingOKButtonWithInvalidOTPRedirectToOrderFailedScreen -->
  <testcase name="verifyOnClickingCancelButtonRedirectToOrderFailedScreen" time="0.0" classname="TestCases.MTestCase">
    <failure type="java.lang.NullPointerException">
      <![CDATA[java.lang.NullPointerException
at TestCases.MTestCase.verifyClickOnBuyNowRedirectToCheckOutPage(MTestCase.java:50)
at TestCases.MTestCase.verifyClickingOnContinueButtonRedirectSelectPaymentPage(MTestCase.java:103)
at TestCases.MTestCase.verifyClickOnCreditDebitCardPaymentMethodRedirectedCardDetailsScreen(MTestCase.java:131)
at TestCases.MTestCase.verifyAfterEnteringValidCardDetailsPayNowEnabled(MTestCase.java:146)
at TestCases.MTestCase.verifyOnClickingCancelButtonRedirectToOrderFailedScreen(MTestCase.java:180)
... Removed 28 stack frames]]>
    </failure>
  </testcase> <!-- verifyOnClickingCancelButtonRedirectToOrderFailedScreen -->
</testsuite> <!-- test -->
