<?xml version="1.0" encoding="UTF-8"?>
<!-- Generated by org.testng.reporters.JUnitXMLReporter -->
<testsuite hostname="BhushanVerma-ProcessQA" ignored="0" name="test" tests="15" failures="0" timestamp="01 Sep 2021 16:41:40 GMT" time="215.505" errors="0">
  <testcase name="verifyMidTransPillowAddedToCartWith20000" time="0.666" classname="TestCases.MTestCase"/>
  <testcase name="verifyClickOnBuyNowRedirectToCheckOutPage" time="0.583" classname="TestCases.MTestCase"/>
  <testcase name="verifyCheckOutDetails" time="0.757" classname="TestCases.MTestCase"/>
  <testcase name="verifyNameEmailPhoneCityAddressPostalCodeFieldsAreEditable" time="2.432" classname="TestCases.MTestCase"/>
  <testcase name="verifyClickingOnCheckoutButtonRedirectToOrderSummaryPopup" time="6.063" classname="TestCases.MTestCase"/>
  <testcase name="verifyPriceProductNameDetailsOnOrderSummeryPopup" time="9.651" classname="TestCases.MTestCase"/>
  <testcase name="verifyClickingOnContinueButtonRedirectSelectPaymentPage" time="6.166" classname="TestCases.MTestCase"/>
  <testcase name="verifyAllPaymentOptionsListOnPaymentPage" time="6.576" classname="TestCases.MTestCase"/>
  <testcase name="verifyClickOnCreditDebitCardPaymentMethodRedirectedCardDetailsScreen" time="6.996" classname="TestCases.MTestCase"/>
  <testcase name="verifyOrderAmountAndApplyCouponCodeAndValidate" time="8.207" classname="TestCases.MTestCase"/>
  <testcase name="verifyAfterEnteringValidCardDetailsPayNowEnabled" time="18.696" classname="TestCases.MTestCase"/>
  <testcase name="verifyClickingOnPayNowRedirectToBankPaymentScreenThanVerifyAllExitingDetails" time="18.932" classname="TestCases.MTestCase"/>
  <testcase name="verifyOnClickingOKButtonWithValidOTPRedirectToOrderSuccssfullScreen" time="26.059" classname="TestCases.MTestCase"/>
  <testcase name="verifyOnClickingOKButtonWithInvalidOTPRedirectToOrderFailedScreen" time="30.173" classname="TestCases.MTestCase"/>
  <testcase name="verifyOnClickingCancelButtonRedirectToOrderFailedScreen" time="25.188" classname="TestCases.MTestCase"/>
</testsuite> <!-- test -->
