<?xml version="1.0" encoding="UTF-8"?>
<testng-results skipped="0" failed="1" ignored="0" total="15" passed="14">
  <reporter-output>
  </reporter-output>
  <suite name="REGRESSION-TEST" duration-ms="206614" started-at="2021-08-29T21:38:32Z" finished-at="2021-08-29T21:41:59Z">
    <groups>
      <group name="regression">
        <method signature="MTestCase.verifyAfterEnteringValidCardDetailsPayNowEnabled()[pri:11, instance:TestCases.MTestCase@17f6480]" name="verifyAfterEnteringValidCardDetailsPayNowEnabled" class="TestCases.MTestCase"/>
        <method signature="MTestCase.verifyAllPaymentOptionsListOnPaymentPage()[pri:8, instance:TestCases.MTestCase@17f6480]" name="verifyAllPaymentOptionsListOnPaymentPage" class="TestCases.MTestCase"/>
        <method signature="MTestCase.verifyCheckOutDetails()[pri:3, instance:TestCases.MTestCase@17f6480]" name="verifyCheckOutDetails" class="TestCases.MTestCase"/>
        <method signature="MTestCase.verifyClickOnBuyNowRedirectToCheckOutPage()[pri:2, instance:TestCases.MTestCase@17f6480]" name="verifyClickOnBuyNowRedirectToCheckOutPage" class="TestCases.MTestCase"/>
        <method signature="MTestCase.verifyClickOnCreditDebitCardPaymentMethodRedirectedCardDetailsScreen()[pri:9, instance:TestCases.MTestCase@17f6480]" name="verifyClickOnCreditDebitCardPaymentMethodRedirectedCardDetailsScreen" class="TestCases.MTestCase"/>
        <method signature="MTestCase.verifyClickingOnCheckoutButtonRedirectToOrderSummaryPopup()[pri:5, instance:TestCases.MTestCase@17f6480]" name="verifyClickingOnCheckoutButtonRedirectToOrderSummaryPopup" class="TestCases.MTestCase"/>
        <method signature="MTestCase.verifyClickingOnContinueButtonRedirectSelectPaymentPage()[pri:7, instance:TestCases.MTestCase@17f6480]" name="verifyClickingOnContinueButtonRedirectSelectPaymentPage" class="TestCases.MTestCase"/>
        <method signature="MTestCase.verifyClickingOnPayNowRedirectToBankPaymentScreenThanVerifyAllExitingDetails()[pri:12, instance:TestCases.MTestCase@17f6480]" name="verifyClickingOnPayNowRedirectToBankPaymentScreenThanVerifyAllExitingDetails" class="TestCases.MTestCase"/>
        <method signature="MTestCase.verifyMidTransPillowAddedToCartWith20000()[pri:1, instance:TestCases.MTestCase@17f6480]" name="verifyMidTransPillowAddedToCartWith20000" class="TestCases.MTestCase"/>
        <method signature="MTestCase.verifyNameEmailPhoneCityAddressPostalCodeFieldsAreEditable()[pri:4, instance:TestCases.MTestCase@17f6480]" name="verifyNameEmailPhoneCityAddressPostalCodeFieldsAreEditable" class="TestCases.MTestCase"/>
        <method signature="MTestCase.verifyOnClickingCancelButtonRedirectToOrderFailedScreen()[pri:15, instance:TestCases.MTestCase@17f6480]" name="verifyOnClickingCancelButtonRedirectToOrderFailedScreen" class="TestCases.MTestCase"/>
        <method signature="MTestCase.verifyOnClickingOKButtonWithInvalidOTPRedirectToOrderFailedScreen()[pri:14, instance:TestCases.MTestCase@17f6480]" name="verifyOnClickingOKButtonWithInvalidOTPRedirectToOrderFailedScreen" class="TestCases.MTestCase"/>
        <method signature="MTestCase.verifyOnClickingOKButtonWithValidOTPRedirectToOrderSuccssfullScreen()[pri:13, instance:TestCases.MTestCase@17f6480]" name="verifyOnClickingOKButtonWithValidOTPRedirectToOrderSuccssfullScreen" class="TestCases.MTestCase"/>
        <method signature="MTestCase.verifyOrderAmountAndApplyCouponCodeAndValidate()[pri:10, instance:TestCases.MTestCase@17f6480]" name="verifyOrderAmountAndApplyCouponCodeAndValidate" class="TestCases.MTestCase"/>
        <method signature="MTestCase.verifyPriceProductNameDetailsOnOrderSummeryPopup()[pri:6, instance:TestCases.MTestCase@17f6480]" name="verifyPriceProductNameDetailsOnOrderSummeryPopup" class="TestCases.MTestCase"/>
      </group> <!-- regression -->
      <group name="smoke">
        <method signature="MTestCase.verifyAfterEnteringValidCardDetailsPayNowEnabled()[pri:11, instance:TestCases.MTestCase@17f6480]" name="verifyAfterEnteringValidCardDetailsPayNowEnabled" class="TestCases.MTestCase"/>
        <method signature="MTestCase.verifyClickOnBuyNowRedirectToCheckOutPage()[pri:2, instance:TestCases.MTestCase@17f6480]" name="verifyClickOnBuyNowRedirectToCheckOutPage" class="TestCases.MTestCase"/>
        <method signature="MTestCase.verifyClickOnCreditDebitCardPaymentMethodRedirectedCardDetailsScreen()[pri:9, instance:TestCases.MTestCase@17f6480]" name="verifyClickOnCreditDebitCardPaymentMethodRedirectedCardDetailsScreen" class="TestCases.MTestCase"/>
        <method signature="MTestCase.verifyClickingOnCheckoutButtonRedirectToOrderSummaryPopup()[pri:5, instance:TestCases.MTestCase@17f6480]" name="verifyClickingOnCheckoutButtonRedirectToOrderSummaryPopup" class="TestCases.MTestCase"/>
        <method signature="MTestCase.verifyClickingOnContinueButtonRedirectSelectPaymentPage()[pri:7, instance:TestCases.MTestCase@17f6480]" name="verifyClickingOnContinueButtonRedirectSelectPaymentPage" class="TestCases.MTestCase"/>
        <method signature="MTestCase.verifyOnClickingOKButtonWithValidOTPRedirectToOrderSuccssfullScreen()[pri:13, instance:TestCases.MTestCase@17f6480]" name="verifyOnClickingOKButtonWithValidOTPRedirectToOrderSuccssfullScreen" class="TestCases.MTestCase"/>
      </group> <!-- smoke -->
    </groups>
    <test name="test" duration-ms="206614" started-at="2021-08-29T21:38:32Z" finished-at="2021-08-29T21:41:59Z">
      <class name="TestCases.MTestCase">
        <test-method status="PASS" signature="tearUp()[pri:0, instance:TestCases.MTestCase@17f6480]" name="tearUp" is-config="true" duration-ms="3150" started-at="2021-08-29T21:38:32Z" finished-at="2021-08-29T21:38:35Z">
          <reporter-output>
          </reporter-output>
        </test-method> <!-- tearUp -->
        <test-method status="PASS" signature="launchWebsite()[pri:0, instance:TestCases.MTestCase@17f6480]" name="launchWebsite" is-config="true" duration-ms="5934" started-at="2021-08-29T21:38:35Z" finished-at="2021-08-29T21:38:41Z">
          <reporter-output>
          </reporter-output>
        </test-method> <!-- launchWebsite -->
        <test-method status="PASS" signature="verifyMidTransPillowAddedToCartWith20000()[pri:1, instance:TestCases.MTestCase@17f6480]" name="verifyMidTransPillowAddedToCartWith20000" duration-ms="673" started-at="2021-08-29T21:38:41Z" finished-at="2021-08-29T21:38:42Z">
          <reporter-output>
          </reporter-output>
        </test-method> <!-- verifyMidTransPillowAddedToCartWith20000 -->
        <test-method status="PASS" signature="launchWebsite()[pri:0, instance:TestCases.MTestCase@17f6480]" name="launchWebsite" is-config="true" duration-ms="3830" started-at="2021-08-29T21:38:42Z" finished-at="2021-08-29T21:38:46Z">
          <reporter-output>
          </reporter-output>
        </test-method> <!-- launchWebsite -->
        <test-method status="PASS" signature="verifyClickOnBuyNowRedirectToCheckOutPage()[pri:2, instance:TestCases.MTestCase@17f6480]" name="verifyClickOnBuyNowRedirectToCheckOutPage" duration-ms="301" started-at="2021-08-29T21:38:46Z" finished-at="2021-08-29T21:38:46Z">
          <reporter-output>
          </reporter-output>
        </test-method> <!-- verifyClickOnBuyNowRedirectToCheckOutPage -->
        <test-method status="PASS" signature="launchWebsite()[pri:0, instance:TestCases.MTestCase@17f6480]" name="launchWebsite" is-config="true" duration-ms="3901" started-at="2021-08-29T21:38:46Z" finished-at="2021-08-29T21:38:50Z">
          <reporter-output>
          </reporter-output>
        </test-method> <!-- launchWebsite -->
        <test-method status="PASS" signature="verifyCheckOutDetails()[pri:3, instance:TestCases.MTestCase@17f6480]" name="verifyCheckOutDetails" duration-ms="616" started-at="2021-08-29T21:38:50Z" finished-at="2021-08-29T21:38:50Z">
          <reporter-output>
          </reporter-output>
        </test-method> <!-- verifyCheckOutDetails -->
        <test-method status="PASS" signature="launchWebsite()[pri:0, instance:TestCases.MTestCase@17f6480]" name="launchWebsite" is-config="true" duration-ms="4153" started-at="2021-08-29T21:38:50Z" finished-at="2021-08-29T21:38:55Z">
          <reporter-output>
          </reporter-output>
        </test-method> <!-- launchWebsite -->
        <test-method status="PASS" signature="verifyNameEmailPhoneCityAddressPostalCodeFieldsAreEditable()[pri:4, instance:TestCases.MTestCase@17f6480]" name="verifyNameEmailPhoneCityAddressPostalCodeFieldsAreEditable" duration-ms="2575" started-at="2021-08-29T21:38:55Z" finished-at="2021-08-29T21:38:57Z">
          <reporter-output>
          </reporter-output>
        </test-method> <!-- verifyNameEmailPhoneCityAddressPostalCodeFieldsAreEditable -->
        <test-method status="PASS" signature="launchWebsite()[pri:0, instance:TestCases.MTestCase@17f6480]" name="launchWebsite" is-config="true" duration-ms="4093" started-at="2021-08-29T21:38:57Z" finished-at="2021-08-29T21:39:01Z">
          <reporter-output>
          </reporter-output>
        </test-method> <!-- launchWebsite -->
        <test-method status="PASS" signature="verifyClickingOnCheckoutButtonRedirectToOrderSummaryPopup()[pri:5, instance:TestCases.MTestCase@17f6480]" name="verifyClickingOnCheckoutButtonRedirectToOrderSummaryPopup" duration-ms="2672" started-at="2021-08-29T21:39:01Z" finished-at="2021-08-29T21:39:04Z">
          <reporter-output>
          </reporter-output>
        </test-method> <!-- verifyClickingOnCheckoutButtonRedirectToOrderSummaryPopup -->
        <test-method status="PASS" signature="launchWebsite()[pri:0, instance:TestCases.MTestCase@17f6480]" name="launchWebsite" is-config="true" duration-ms="4014" started-at="2021-08-29T21:39:04Z" finished-at="2021-08-29T21:39:08Z">
          <reporter-output>
          </reporter-output>
        </test-method> <!-- launchWebsite -->
        <test-method status="PASS" signature="verifyPriceProductNameDetailsOnOrderSummeryPopup()[pri:6, instance:TestCases.MTestCase@17f6480]" name="verifyPriceProductNameDetailsOnOrderSummeryPopup" duration-ms="5451" started-at="2021-08-29T21:39:08Z" finished-at="2021-08-29T21:39:13Z">
          <reporter-output>
          </reporter-output>
        </test-method> <!-- verifyPriceProductNameDetailsOnOrderSummeryPopup -->
        <test-method status="PASS" signature="launchWebsite()[pri:0, instance:TestCases.MTestCase@17f6480]" name="launchWebsite" is-config="true" duration-ms="3621" started-at="2021-08-29T21:39:13Z" finished-at="2021-08-29T21:39:17Z">
          <reporter-output>
          </reporter-output>
        </test-method> <!-- launchWebsite -->
        <test-method status="PASS" signature="verifyClickingOnContinueButtonRedirectSelectPaymentPage()[pri:7, instance:TestCases.MTestCase@17f6480]" name="verifyClickingOnContinueButtonRedirectSelectPaymentPage" duration-ms="2980" started-at="2021-08-29T21:39:17Z" finished-at="2021-08-29T21:39:20Z">
          <reporter-output>
          </reporter-output>
        </test-method> <!-- verifyClickingOnContinueButtonRedirectSelectPaymentPage -->
        <test-method status="PASS" signature="launchWebsite()[pri:0, instance:TestCases.MTestCase@17f6480]" name="launchWebsite" is-config="true" duration-ms="3370" started-at="2021-08-29T21:39:20Z" finished-at="2021-08-29T21:39:23Z">
          <reporter-output>
          </reporter-output>
        </test-method> <!-- launchWebsite -->
        <test-method status="PASS" signature="verifyAllPaymentOptionsListOnPaymentPage()[pri:8, instance:TestCases.MTestCase@17f6480]" name="verifyAllPaymentOptionsListOnPaymentPage" duration-ms="3512" started-at="2021-08-29T21:39:23Z" finished-at="2021-08-29T21:39:27Z">
          <reporter-output>
          </reporter-output>
        </test-method> <!-- verifyAllPaymentOptionsListOnPaymentPage -->
        <test-method status="PASS" signature="launchWebsite()[pri:0, instance:TestCases.MTestCase@17f6480]" name="launchWebsite" is-config="true" duration-ms="3533" started-at="2021-08-29T21:39:27Z" finished-at="2021-08-29T21:39:30Z">
          <reporter-output>
          </reporter-output>
        </test-method> <!-- launchWebsite -->
        <test-method status="PASS" signature="verifyClickOnCreditDebitCardPaymentMethodRedirectedCardDetailsScreen()[pri:9, instance:TestCases.MTestCase@17f6480]" name="verifyClickOnCreditDebitCardPaymentMethodRedirectedCardDetailsScreen" duration-ms="3942" started-at="2021-08-29T21:39:30Z" finished-at="2021-08-29T21:39:34Z">
          <reporter-output>
          </reporter-output>
        </test-method> <!-- verifyClickOnCreditDebitCardPaymentMethodRedirectedCardDetailsScreen -->
        <test-method status="PASS" signature="launchWebsite()[pri:0, instance:TestCases.MTestCase@17f6480]" name="launchWebsite" is-config="true" duration-ms="3548" started-at="2021-08-29T21:39:34Z" finished-at="2021-08-29T21:39:38Z">
          <reporter-output>
          </reporter-output>
        </test-method> <!-- launchWebsite -->
        <test-method status="PASS" signature="verifyOrderAmountAndApplyCouponCodeAndValidate()[pri:10, instance:TestCases.MTestCase@17f6480]" name="verifyOrderAmountAndApplyCouponCodeAndValidate" duration-ms="5288" started-at="2021-08-29T21:39:38Z" finished-at="2021-08-29T21:39:43Z">
          <reporter-output>
          </reporter-output>
        </test-method> <!-- verifyOrderAmountAndApplyCouponCodeAndValidate -->
        <test-method status="PASS" signature="launchWebsite()[pri:0, instance:TestCases.MTestCase@17f6480]" name="launchWebsite" is-config="true" duration-ms="3481" started-at="2021-08-29T21:39:43Z" finished-at="2021-08-29T21:39:47Z">
          <reporter-output>
          </reporter-output>
        </test-method> <!-- launchWebsite -->
        <test-method status="PASS" signature="verifyAfterEnteringValidCardDetailsPayNowEnabled()[pri:11, instance:TestCases.MTestCase@17f6480]" name="verifyAfterEnteringValidCardDetailsPayNowEnabled" duration-ms="17076" started-at="2021-08-29T21:39:47Z" finished-at="2021-08-29T21:40:04Z">
          <reporter-output>
          </reporter-output>
        </test-method> <!-- verifyAfterEnteringValidCardDetailsPayNowEnabled -->
        <test-method status="PASS" signature="launchWebsite()[pri:0, instance:TestCases.MTestCase@17f6480]" name="launchWebsite" is-config="true" duration-ms="3447" started-at="2021-08-29T21:40:04Z" finished-at="2021-08-29T21:40:07Z">
          <reporter-output>
          </reporter-output>
        </test-method> <!-- launchWebsite -->
        <test-method status="FAIL" signature="verifyClickingOnPayNowRedirectToBankPaymentScreenThanVerifyAllExitingDetails()[pri:12, instance:TestCases.MTestCase@17f6480]" name="verifyClickingOnPayNowRedirectToBankPaymentScreenThanVerifyAllExitingDetails" duration-ms="17397" started-at="2021-08-29T21:40:07Z" finished-at="2021-08-29T21:40:25Z">
          <exception class="java.lang.AssertionError">
            <message>
              <![CDATA[expected [true] but found [false]]]>
            </message>
            <full-stacktrace>
              <![CDATA[java.lang.AssertionError: expected [true] but found [false]
at org.testng.Assert.fail(Assert.java:96)
at org.testng.Assert.failNotEquals(Assert.java:776)
at org.testng.Assert.assertTrue(Assert.java:44)
at org.testng.Assert.assertTrue(Assert.java:54)
at TestCases.MTestCase.verifyClickingOnPayNowRedirectToBankPaymentScreenThanVerifyAllExitingDetails(MTestCase.java:159)
at sun.reflect.NativeMethodAccessorImpl.invoke0(Native Method)
at sun.reflect.NativeMethodAccessorImpl.invoke(NativeMethodAccessorImpl.java:62)
at sun.reflect.DelegatingMethodAccessorImpl.invoke(DelegatingMethodAccessorImpl.java:43)
at java.lang.reflect.Method.invoke(Method.java:498)
at org.testng.internal.MethodInvocationHelper.invokeMethod(MethodInvocationHelper.java:124)
at org.testng.internal.Invoker.invokeMethod(Invoker.java:583)
at org.testng.internal.Invoker.invokeTestMethod(Invoker.java:719)
at org.testng.internal.Invoker.invokeTestMethods(Invoker.java:989)
at org.testng.internal.TestMethodWorker.invokeTestMethods(TestMethodWorker.java:125)
at org.testng.internal.TestMethodWorker.run(TestMethodWorker.java:109)
at org.testng.TestRunner.privateRun(TestRunner.java:648)
at org.testng.TestRunner.run(TestRunner.java:505)
at org.testng.SuiteRunner.runTest(SuiteRunner.java:455)
at org.testng.SuiteRunner.runSequentially(SuiteRunner.java:450)
at org.testng.SuiteRunner.privateRun(SuiteRunner.java:415)
at org.testng.SuiteRunner.run(SuiteRunner.java:364)
at org.testng.SuiteRunnerWorker.runSuite(SuiteRunnerWorker.java:52)
at org.testng.SuiteRunnerWorker.run(SuiteRunnerWorker.java:84)
at org.testng.TestNG.runSuitesSequentially(TestNG.java:1208)
at org.testng.TestNG.runSuitesLocally(TestNG.java:1137)
at org.testng.TestNG.runSuites(TestNG.java:1049)
at org.testng.TestNG.run(TestNG.java:1017)
at org.apache.maven.surefire.testng.TestNGExecutor.run(TestNGExecutor.java:281)
at org.apache.maven.surefire.testng.TestNGXmlTestSuite.execute(TestNGXmlTestSuite.java:75)
at org.apache.maven.surefire.testng.TestNGProvider.invoke(TestNGProvider.java:121)
at org.apache.maven.surefire.booter.ForkedBooter.invokeProviderInSameClassLoader(ForkedBooter.java:290)
at org.apache.maven.surefire.booter.ForkedBooter.runSuitesInProcess(ForkedBooter.java:242)
at org.apache.maven.surefire.booter.ForkedBooter.main(ForkedBooter.java:121)
]]>
            </full-stacktrace>
          </exception> <!-- java.lang.AssertionError -->
          <reporter-output>
          </reporter-output>
        </test-method> <!-- verifyClickingOnPayNowRedirectToBankPaymentScreenThanVerifyAllExitingDetails -->
        <test-method status="PASS" signature="launchWebsite()[pri:0, instance:TestCases.MTestCase@17f6480]" name="launchWebsite" is-config="true" duration-ms="3466" started-at="2021-08-29T21:40:25Z" finished-at="2021-08-29T21:40:28Z">
          <reporter-output>
          </reporter-output>
        </test-method> <!-- launchWebsite -->
        <test-method status="PASS" signature="verifyOnClickingOKButtonWithValidOTPRedirectToOrderSuccssfullScreen()[pri:13, instance:TestCases.MTestCase@17f6480]" name="verifyOnClickingOKButtonWithValidOTPRedirectToOrderSuccssfullScreen" duration-ms="29552" started-at="2021-08-29T21:40:28Z" finished-at="2021-08-29T21:40:58Z">
          <reporter-output>
          </reporter-output>
        </test-method> <!-- verifyOnClickingOKButtonWithValidOTPRedirectToOrderSuccssfullScreen -->
        <test-method status="PASS" signature="launchWebsite()[pri:0, instance:TestCases.MTestCase@17f6480]" name="launchWebsite" is-config="true" duration-ms="3929" started-at="2021-08-29T21:40:58Z" finished-at="2021-08-29T21:41:02Z">
          <reporter-output>
          </reporter-output>
        </test-method> <!-- launchWebsite -->
        <test-method status="PASS" signature="verifyOnClickingOKButtonWithInvalidOTPRedirectToOrderFailedScreen()[pri:14, instance:TestCases.MTestCase@17f6480]" name="verifyOnClickingOKButtonWithInvalidOTPRedirectToOrderFailedScreen" duration-ms="30807" started-at="2021-08-29T21:41:02Z" finished-at="2021-08-29T21:41:32Z">
          <reporter-output>
          </reporter-output>
        </test-method> <!-- verifyOnClickingOKButtonWithInvalidOTPRedirectToOrderFailedScreen -->
        <test-method status="PASS" signature="launchWebsite()[pri:0, instance:TestCases.MTestCase@17f6480]" name="launchWebsite" is-config="true" duration-ms="4198" started-at="2021-08-29T21:41:32Z" finished-at="2021-08-29T21:41:37Z">
          <reporter-output>
          </reporter-output>
        </test-method> <!-- launchWebsite -->
        <test-method status="PASS" signature="verifyOnClickingCancelButtonRedirectToOrderFailedScreen()[pri:15, instance:TestCases.MTestCase@17f6480]" name="verifyOnClickingCancelButtonRedirectToOrderFailedScreen" duration-ms="21153" started-at="2021-08-29T21:41:37Z" finished-at="2021-08-29T21:41:58Z">
          <reporter-output>
          </reporter-output>
        </test-method> <!-- verifyOnClickingCancelButtonRedirectToOrderFailedScreen -->
        <test-method status="PASS" signature="teardown()[pri:0, instance:TestCases.MTestCase@17f6480]" name="teardown" is-config="true" duration-ms="875" started-at="2021-08-29T21:41:58Z" finished-at="2021-08-29T21:41:59Z">
          <reporter-output>
          </reporter-output>
        </test-method> <!-- teardown -->
      </class> <!-- TestCases.MTestCase -->
    </test> <!-- test -->
  </suite> <!-- REGRESSION-TEST -->
</testng-results>
