<?xml version="1.0" encoding="UTF-8"?>
<testng-results skipped="0" failed="0" ignored="0" total="15" passed="15">
  <reporter-output>
  </reporter-output>
  <suite name="REGRESSION-TEST" duration-ms="209202" started-at="2021-08-30T10:47:47Z" finished-at="2021-08-30T10:51:16Z">
    <groups>
      <group name="regression">
        <method signature="MTestCase.verifyAfterEnteringValidCardDetailsPayNowEnabled()[pri:11, instance:TestCases.MTestCase@17f6480]" name="verifyAfterEnteringValidCardDetailsPayNowEnabled" class="TestCases.MTestCase"/>
        <method signature="MTestCase.verifyAllPaymentOptionsListOnPaymentPage()[pri:8, instance:TestCases.MTestCase@17f6480]" name="verifyAllPaymentOptionsListOnPaymentPage" class="TestCases.MTestCase"/>
        <method signature="MTestCase.verifyCheckOutDetails()[pri:3, instance:TestCases.MTestCase@17f6480]" name="verifyCheckOutDetails" class="TestCases.MTestCase"/>
        <method signature="MTestCase.verifyClickOnBuyNowRedirectToCheckOutPage()[pri:2, instance:TestCases.MTestCase@17f6480]" name="verifyClickOnBuyNowRedirectToCheckOutPage" class="TestCases.MTestCase"/>
        <method signature="MTestCase.verifyClickOnCreditDebitCardPaymentMethodRedirectedCardDetailsScreen()[pri:9, instance:TestCases.MTestCase@17f6480]" name="verifyClickOnCreditDebitCardPaymentMethodRedirectedCardDetailsScreen" class="TestCases.MTestCase"/>
        <method signature="MTestCase.verifyClickingOnCheckoutButtonRedirectToOrderSummaryPopup()[pri:5, instance:TestCases.MTestCase@17f6480]" name="verifyClickingOnCheckoutButtonRedirectToOrderSummaryPopup" class="TestCases.MTestCase"/>
        <method signature="MTestCase.verifyClickingOnContinueButtonRedirectSelectPaymentPage()[pri:7, instance:TestCases.MTestCase@17f6480]" name="verifyClickingOnContinueButtonRedirectSelectPaymentPage" class="TestCases.MTestCase"/>
        <method signature="MTestCase.verifyClickingOnPayNowRedirectToBankPaymentScreenThanVerifyAllExitingDetails()[pri:12, instance:TestCases.MTestCase@17f6480]" name="verifyClickingOnPayNowRedirectToBankPaymentScreenThanVerifyAllExitingDetails" class="TestCases.MTestCase"/>
        <method signature="MTestCase.verifyMidTransPillowAddedToCartWith20000()[pri:1, instance:TestCases.MTestCase@17f6480]" name="verifyMidTransPillowAddedToCartWith20000" class="TestCases.MTestCase"/>
        <method signature="MTestCase.verifyNameEmailPhoneCityAddressPostalCodeFieldsAreEditable()[pri:4, instance:TestCases.MTestCase@17f6480]" name="verifyNameEmailPhoneCityAddressPostalCodeFieldsAreEditable" class="TestCases.MTestCase"/>
        <method signature="MTestCase.verifyOnClickingCancelButtonRedirectToOrderFailedScreen()[pri:15, instance:TestCases.MTestCase@17f6480]" name="verifyOnClickingCancelButtonRedirectToOrderFailedScreen" class="TestCases.MTestCase"/>
        <method signature="MTestCase.verifyOnClickingOKButtonWithInvalidOTPRedirectToOrderFailedScreen()[pri:14, instance:TestCases.MTestCase@17f6480]" name="verifyOnClickingOKButtonWithInvalidOTPRedirectToOrderFailedScreen" class="TestCases.MTestCase"/>
        <method signature="MTestCase.verifyOnClickingOKButtonWithValidOTPRedirectToOrderSuccssfullScreen()[pri:13, instance:TestCases.MTestCase@17f6480]" name="verifyOnClickingOKButtonWithValidOTPRedirectToOrderSuccssfullScreen" class="TestCases.MTestCase"/>
        <method signature="MTestCase.verifyOrderAmountAndApplyCouponCodeAndValidate()[pri:10, instance:TestCases.MTestCase@17f6480]" name="verifyOrderAmountAndApplyCouponCodeAndValidate" class="TestCases.MTestCase"/>
        <method signature="MTestCase.verifyPriceProductNameDetailsOnOrderSummeryPopup()[pri:6, instance:TestCases.MTestCase@17f6480]" name="verifyPriceProductNameDetailsOnOrderSummeryPopup" class="TestCases.MTestCase"/>
      </group> <!-- regression -->
      <group name="smoke">
        <method signature="MTestCase.verifyAfterEnteringValidCardDetailsPayNowEnabled()[pri:11, instance:TestCases.MTestCase@17f6480]" name="verifyAfterEnteringValidCardDetailsPayNowEnabled" class="TestCases.MTestCase"/>
        <method signature="MTestCase.verifyClickOnBuyNowRedirectToCheckOutPage()[pri:2, instance:TestCases.MTestCase@17f6480]" name="verifyClickOnBuyNowRedirectToCheckOutPage" class="TestCases.MTestCase"/>
        <method signature="MTestCase.verifyClickOnCreditDebitCardPaymentMethodRedirectedCardDetailsScreen()[pri:9, instance:TestCases.MTestCase@17f6480]" name="verifyClickOnCreditDebitCardPaymentMethodRedirectedCardDetailsScreen" class="TestCases.MTestCase"/>
        <method signature="MTestCase.verifyClickingOnCheckoutButtonRedirectToOrderSummaryPopup()[pri:5, instance:TestCases.MTestCase@17f6480]" name="verifyClickingOnCheckoutButtonRedirectToOrderSummaryPopup" class="TestCases.MTestCase"/>
        <method signature="MTestCase.verifyClickingOnContinueButtonRedirectSelectPaymentPage()[pri:7, instance:TestCases.MTestCase@17f6480]" name="verifyClickingOnContinueButtonRedirectSelectPaymentPage" class="TestCases.MTestCase"/>
        <method signature="MTestCase.verifyOnClickingOKButtonWithValidOTPRedirectToOrderSuccssfullScreen()[pri:13, instance:TestCases.MTestCase@17f6480]" name="verifyOnClickingOKButtonWithValidOTPRedirectToOrderSuccssfullScreen" class="TestCases.MTestCase"/>
      </group> <!-- smoke -->
    </groups>
    <test name="test" duration-ms="209202" started-at="2021-08-30T10:47:47Z" finished-at="2021-08-30T10:51:16Z">
      <class name="TestCases.MTestCase">
        <test-method status="PASS" signature="tearUp()[pri:0, instance:TestCases.MTestCase@17f6480]" name="tearUp" is-config="true" duration-ms="2369" started-at="2021-08-30T10:47:47Z" finished-at="2021-08-30T10:47:49Z">
          <reporter-output>
          </reporter-output>
        </test-method> <!-- tearUp -->
        <test-method status="PASS" signature="launchWebsite()[pri:0, instance:TestCases.MTestCase@17f6480]" name="launchWebsite" is-config="true" duration-ms="3617" started-at="2021-08-30T10:47:49Z" finished-at="2021-08-30T10:47:53Z">
          <reporter-output>
          </reporter-output>
        </test-method> <!-- launchWebsite -->
        <test-method status="PASS" signature="verifyMidTransPillowAddedToCartWith20000()[pri:1, instance:TestCases.MTestCase@17f6480]" name="verifyMidTransPillowAddedToCartWith20000" duration-ms="632" started-at="2021-08-30T10:47:53Z" finished-at="2021-08-30T10:47:53Z">
          <reporter-output>
          </reporter-output>
        </test-method> <!-- verifyMidTransPillowAddedToCartWith20000 -->
        <test-method status="PASS" signature="launchWebsite()[pri:0, instance:TestCases.MTestCase@17f6480]" name="launchWebsite" is-config="true" duration-ms="2582" started-at="2021-08-30T10:47:53Z" finished-at="2021-08-30T10:47:56Z">
          <reporter-output>
          </reporter-output>
        </test-method> <!-- launchWebsite -->
        <test-method status="PASS" signature="verifyClickOnBuyNowRedirectToCheckOutPage()[pri:2, instance:TestCases.MTestCase@17f6480]" name="verifyClickOnBuyNowRedirectToCheckOutPage" duration-ms="457" started-at="2021-08-30T10:47:56Z" finished-at="2021-08-30T10:47:56Z">
          <reporter-output>
          </reporter-output>
        </test-method> <!-- verifyClickOnBuyNowRedirectToCheckOutPage -->
        <test-method status="PASS" signature="launchWebsite()[pri:0, instance:TestCases.MTestCase@17f6480]" name="launchWebsite" is-config="true" duration-ms="2517" started-at="2021-08-30T10:47:56Z" finished-at="2021-08-30T10:47:59Z">
          <reporter-output>
          </reporter-output>
        </test-method> <!-- launchWebsite -->
        <test-method status="PASS" signature="verifyCheckOutDetails()[pri:3, instance:TestCases.MTestCase@17f6480]" name="verifyCheckOutDetails" duration-ms="370" started-at="2021-08-30T10:47:59Z" finished-at="2021-08-30T10:47:59Z">
          <reporter-output>
          </reporter-output>
        </test-method> <!-- verifyCheckOutDetails -->
        <test-method status="PASS" signature="launchWebsite()[pri:0, instance:TestCases.MTestCase@17f6480]" name="launchWebsite" is-config="true" duration-ms="2131" started-at="2021-08-30T10:47:59Z" finished-at="2021-08-30T10:48:01Z">
          <reporter-output>
          </reporter-output>
        </test-method> <!-- launchWebsite -->
        <test-method status="PASS" signature="verifyNameEmailPhoneCityAddressPostalCodeFieldsAreEditable()[pri:4, instance:TestCases.MTestCase@17f6480]" name="verifyNameEmailPhoneCityAddressPostalCodeFieldsAreEditable" duration-ms="2596" started-at="2021-08-30T10:48:01Z" finished-at="2021-08-30T10:48:04Z">
          <reporter-output>
          </reporter-output>
        </test-method> <!-- verifyNameEmailPhoneCityAddressPostalCodeFieldsAreEditable -->
        <test-method status="PASS" signature="launchWebsite()[pri:0, instance:TestCases.MTestCase@17f6480]" name="launchWebsite" is-config="true" duration-ms="2294" started-at="2021-08-30T10:48:04Z" finished-at="2021-08-30T10:48:06Z">
          <reporter-output>
          </reporter-output>
        </test-method> <!-- launchWebsite -->
        <test-method status="PASS" signature="verifyClickingOnCheckoutButtonRedirectToOrderSummaryPopup()[pri:5, instance:TestCases.MTestCase@17f6480]" name="verifyClickingOnCheckoutButtonRedirectToOrderSummaryPopup" duration-ms="6104" started-at="2021-08-30T10:48:06Z" finished-at="2021-08-30T10:48:12Z">
          <reporter-output>
          </reporter-output>
        </test-method> <!-- verifyClickingOnCheckoutButtonRedirectToOrderSummaryPopup -->
        <test-method status="PASS" signature="launchWebsite()[pri:0, instance:TestCases.MTestCase@17f6480]" name="launchWebsite" is-config="true" duration-ms="2554" started-at="2021-08-30T10:48:12Z" finished-at="2021-08-30T10:48:15Z">
          <reporter-output>
          </reporter-output>
        </test-method> <!-- launchWebsite -->
        <test-method status="PASS" signature="verifyPriceProductNameDetailsOnOrderSummeryPopup()[pri:6, instance:TestCases.MTestCase@17f6480]" name="verifyPriceProductNameDetailsOnOrderSummeryPopup" duration-ms="9920" started-at="2021-08-30T10:48:15Z" finished-at="2021-08-30T10:48:25Z">
          <reporter-output>
          </reporter-output>
        </test-method> <!-- verifyPriceProductNameDetailsOnOrderSummeryPopup -->
        <test-method status="PASS" signature="launchWebsite()[pri:0, instance:TestCases.MTestCase@17f6480]" name="launchWebsite" is-config="true" duration-ms="2270" started-at="2021-08-30T10:48:25Z" finished-at="2021-08-30T10:48:27Z">
          <reporter-output>
          </reporter-output>
        </test-method> <!-- launchWebsite -->
        <test-method status="PASS" signature="verifyClickingOnContinueButtonRedirectSelectPaymentPage()[pri:7, instance:TestCases.MTestCase@17f6480]" name="verifyClickingOnContinueButtonRedirectSelectPaymentPage" duration-ms="6415" started-at="2021-08-30T10:48:27Z" finished-at="2021-08-30T10:48:33Z">
          <reporter-output>
          </reporter-output>
        </test-method> <!-- verifyClickingOnContinueButtonRedirectSelectPaymentPage -->
        <test-method status="PASS" signature="launchWebsite()[pri:0, instance:TestCases.MTestCase@17f6480]" name="launchWebsite" is-config="true" duration-ms="2204" started-at="2021-08-30T10:48:33Z" finished-at="2021-08-30T10:48:36Z">
          <reporter-output>
          </reporter-output>
        </test-method> <!-- launchWebsite -->
        <test-method status="PASS" signature="verifyAllPaymentOptionsListOnPaymentPage()[pri:8, instance:TestCases.MTestCase@17f6480]" name="verifyAllPaymentOptionsListOnPaymentPage" duration-ms="7388" started-at="2021-08-30T10:48:36Z" finished-at="2021-08-30T10:48:43Z">
          <reporter-output>
          </reporter-output>
        </test-method> <!-- verifyAllPaymentOptionsListOnPaymentPage -->
        <test-method status="PASS" signature="launchWebsite()[pri:0, instance:TestCases.MTestCase@17f6480]" name="launchWebsite" is-config="true" duration-ms="2393" started-at="2021-08-30T10:48:43Z" finished-at="2021-08-30T10:48:45Z">
          <reporter-output>
          </reporter-output>
        </test-method> <!-- launchWebsite -->
        <test-method status="PASS" signature="verifyClickOnCreditDebitCardPaymentMethodRedirectedCardDetailsScreen()[pri:9, instance:TestCases.MTestCase@17f6480]" name="verifyClickOnCreditDebitCardPaymentMethodRedirectedCardDetailsScreen" duration-ms="7326" started-at="2021-08-30T10:48:45Z" finished-at="2021-08-30T10:48:53Z">
          <reporter-output>
          </reporter-output>
        </test-method> <!-- verifyClickOnCreditDebitCardPaymentMethodRedirectedCardDetailsScreen -->
        <test-method status="PASS" signature="launchWebsite()[pri:0, instance:TestCases.MTestCase@17f6480]" name="launchWebsite" is-config="true" duration-ms="2292" started-at="2021-08-30T10:48:53Z" finished-at="2021-08-30T10:48:55Z">
          <reporter-output>
          </reporter-output>
        </test-method> <!-- launchWebsite -->
        <test-method status="PASS" signature="verifyOrderAmountAndApplyCouponCodeAndValidate()[pri:10, instance:TestCases.MTestCase@17f6480]" name="verifyOrderAmountAndApplyCouponCodeAndValidate" duration-ms="8432" started-at="2021-08-30T10:48:55Z" finished-at="2021-08-30T10:49:03Z">
          <reporter-output>
          </reporter-output>
        </test-method> <!-- verifyOrderAmountAndApplyCouponCodeAndValidate -->
        <test-method status="PASS" signature="launchWebsite()[pri:0, instance:TestCases.MTestCase@17f6480]" name="launchWebsite" is-config="true" duration-ms="2430" started-at="2021-08-30T10:49:03Z" finished-at="2021-08-30T10:49:06Z">
          <reporter-output>
          </reporter-output>
        </test-method> <!-- launchWebsite -->
        <test-method status="PASS" signature="verifyAfterEnteringValidCardDetailsPayNowEnabled()[pri:11, instance:TestCases.MTestCase@17f6480]" name="verifyAfterEnteringValidCardDetailsPayNowEnabled" duration-ms="18489" started-at="2021-08-30T10:49:06Z" finished-at="2021-08-30T10:49:24Z">
          <reporter-output>
          </reporter-output>
        </test-method> <!-- verifyAfterEnteringValidCardDetailsPayNowEnabled -->
        <test-method status="PASS" signature="launchWebsite()[pri:0, instance:TestCases.MTestCase@17f6480]" name="launchWebsite" is-config="true" duration-ms="2478" started-at="2021-08-30T10:49:24Z" finished-at="2021-08-30T10:49:27Z">
          <reporter-output>
          </reporter-output>
        </test-method> <!-- launchWebsite -->
        <test-method status="PASS" signature="verifyClickingOnPayNowRedirectToBankPaymentScreenThanVerifyAllExitingDetails()[pri:12, instance:TestCases.MTestCase@17f6480]" name="verifyClickingOnPayNowRedirectToBankPaymentScreenThanVerifyAllExitingDetails" duration-ms="18911" started-at="2021-08-30T10:49:27Z" finished-at="2021-08-30T10:49:46Z">
          <reporter-output>
          </reporter-output>
        </test-method> <!-- verifyClickingOnPayNowRedirectToBankPaymentScreenThanVerifyAllExitingDetails -->
        <test-method status="PASS" signature="launchWebsite()[pri:0, instance:TestCases.MTestCase@17f6480]" name="launchWebsite" is-config="true" duration-ms="2514" started-at="2021-08-30T10:49:46Z" finished-at="2021-08-30T10:49:48Z">
          <reporter-output>
          </reporter-output>
        </test-method> <!-- launchWebsite -->
        <test-method status="PASS" signature="verifyOnClickingOKButtonWithValidOTPRedirectToOrderSuccssfullScreen()[pri:13, instance:TestCases.MTestCase@17f6480]" name="verifyOnClickingOKButtonWithValidOTPRedirectToOrderSuccssfullScreen" duration-ms="26279" started-at="2021-08-30T10:49:48Z" finished-at="2021-08-30T10:50:15Z">
          <reporter-output>
          </reporter-output>
        </test-method> <!-- verifyOnClickingOKButtonWithValidOTPRedirectToOrderSuccssfullScreen -->
        <test-method status="PASS" signature="launchWebsite()[pri:0, instance:TestCases.MTestCase@17f6480]" name="launchWebsite" is-config="true" duration-ms="2346" started-at="2021-08-30T10:50:15Z" finished-at="2021-08-30T10:50:17Z">
          <reporter-output>
          </reporter-output>
        </test-method> <!-- launchWebsite -->
        <test-method status="PASS" signature="verifyOnClickingOKButtonWithInvalidOTPRedirectToOrderFailedScreen()[pri:14, instance:TestCases.MTestCase@17f6480]" name="verifyOnClickingOKButtonWithInvalidOTPRedirectToOrderFailedScreen" duration-ms="30471" started-at="2021-08-30T10:50:17Z" finished-at="2021-08-30T10:50:47Z">
          <reporter-output>
          </reporter-output>
        </test-method> <!-- verifyOnClickingOKButtonWithInvalidOTPRedirectToOrderFailedScreen -->
        <test-method status="PASS" signature="launchWebsite()[pri:0, instance:TestCases.MTestCase@17f6480]" name="launchWebsite" is-config="true" duration-ms="2625" started-at="2021-08-30T10:50:47Z" finished-at="2021-08-30T10:50:50Z">
          <reporter-output>
          </reporter-output>
        </test-method> <!-- launchWebsite -->
        <test-method status="PASS" signature="verifyOnClickingCancelButtonRedirectToOrderFailedScreen()[pri:15, instance:TestCases.MTestCase@17f6480]" name="verifyOnClickingCancelButtonRedirectToOrderFailedScreen" duration-ms="24982" started-at="2021-08-30T10:50:50Z" finished-at="2021-08-30T10:51:15Z">
          <reporter-output>
          </reporter-output>
        </test-method> <!-- verifyOnClickingCancelButtonRedirectToOrderFailedScreen -->
        <test-method status="PASS" signature="teardown()[pri:0, instance:TestCases.MTestCase@17f6480]" name="teardown" is-config="true" duration-ms="787" started-at="2021-08-30T10:51:15Z" finished-at="2021-08-30T10:51:16Z">
          <reporter-output>
          </reporter-output>
        </test-method> <!-- teardown -->
      </class> <!-- TestCases.MTestCase -->
    </test> <!-- test -->
  </suite> <!-- REGRESSION-TEST -->
</testng-results>
