<?xml version="1.0" encoding="UTF-8"?>
<testsuite xmlns:xsi="http://www.w3.org/2001/XMLSchema-instance" xsi:schemaLocation="https://maven.apache.org/surefire/maven-surefire-plugin/xsd/surefire-test-report.xsd" name="TestSuite" time="221.618" tests="15" errors="0" skipped="0" failures="2">
  <properties>
[...]
</properties>
  <testcase name="verifyMidTransPillowAddedToCartWith20000" classname="TestCases.MTestCase" time="0.583"/>
  <testcase name="verifyClickOnBuyNowRedirectToCheckOutPage" classname="TestCases.MTestCase" time="0.599"/>
  <testcase name="verifyCheckOutDetails" classname="TestCases.MTestCase" time="0.761"/>
  <testcase name="verifyNameEmailPhoneCityAddressPostalCodeFieldsAreEditable" classname="TestCases.MTestCase" time="1.938"/>
  <testcase name="verifyClickingOnCheckoutButtonRedirectToOrderSummaryPopup" classname="TestCases.MTestCase" time="6.092"/>
  <testcase name="verifyPriceProductNameDetailsOnOrderSummeryPopup" classname="TestCases.MTestCase" time="8.895"/>
  <testcase name="verifyClickingOnContinueButtonRedirectSelectPaymentPage" classname="TestCases.MTestCase" time="6.425"/>
  <testcase name="verifyAllPaymentOptionsListOnPaymentPage" classname="TestCases.MTestCase" time="7.107"/>
  <testcase name="verifyClickOnCreditDebitCardPaymentMethodRedirectedCardDetailsScreen" classname="TestCases.MTestCase" time="7.275"/>
  <testcase name="verifyOrderAmountAndApplyCouponCodeAndValidate" classname="TestCases.MTestCase" time="8.577"/>
  <testcase name="verifyAfterEnteringValidCardDetailsPayNowEnabled" classname="TestCases.MTestCase" time="18.378"/>
  <testcase name="verifyClickingOnPayNowRedirectToBankPaymentScreenThanVerifyAllExitingDetails" classname="TestCases.MTestCase" time="19.12"/>
  <testcase name="verifyOnClickingOKButtonWithValidOTPRedirectToOrderSuccssfullScreen" classname="TestCases.MTestCase" time="26.178"/>
  <testcase name="verifyOnClickingOKButtonWithInvalidOTPRedirectToOrderFailedScreen" classname="TestCases.MTestCase" time="29.89">
    <failure message="Browsing context has been discarded&#10;Build info: version: &apos;3.141.59&apos;, revision: &apos;e82be7d358&apos;, time: &apos;2018-11-14T08:17:03&apos;&#10;System info: host: &apos;BHUSHANVERMA-PR&apos;, ip: &apos;192.168.43.116&apos;, os.name: &apos;Windows 10&apos;, os.arch: &apos;x86&apos;, os.version: &apos;10.0&apos;, java.version: &apos;1.8.0_271&apos;&#10;Driver info: org.openqa.selenium.firefox.FirefoxDriver&#10;Capabilities {acceptInsecureCerts: true, browserName: firefox, browserVersion: 91.0.2, javascriptEnabled: true, moz:accessibilityChecks: false, moz:buildID: 20210823123856, moz:geckodriverVersion: 0.29.1, moz:headless: false, moz:processID: 12260, moz:profile: C:\Users\Bhushan Verma\AppD..., moz:shutdownTimeout: 60000, moz:useNonSpecCompliantPointerOrigin: false, moz:webdriverClick: true, pageLoadStrategy: normal, platform: WINDOWS, platformName: WINDOWS, platformVersion: 10.0, proxy: Proxy(), setWindowRect: true, strictFileInteractability: false, timeouts: {implicit: 0, pageLoad: 300000, script: 30000}, unhandledPromptBehavior: dismiss and notify}&#10;Session ID: 8aedc28a-99db-4d4a-9dc7-d8bb5d936dbf" type="org.openqa.selenium.NoSuchWindowException">org.openqa.selenium.NoSuchWindowException: 
Browsing context has been discarded
Build info: version: '3.141.59', revision: 'e82be7d358', time: '2018-11-14T08:17:03'
System info: host: 'BHUSHANVERMA-PR', ip: '192.168.43.116', os.name: 'Windows 10', os.arch: 'x86', os.version: '10.0', java.version: '1.8.0_271'
Driver info: org.openqa.selenium.firefox.FirefoxDriver
Capabilities {acceptInsecureCerts: true, browserName: firefox, browserVersion: 91.0.2, javascriptEnabled: true, moz:accessibilityChecks: false, moz:buildID: 20210823123856, moz:geckodriverVersion: 0.29.1, moz:headless: false, moz:processID: 12260, moz:profile: C:\Users\Bhushan Verma\AppD..., moz:shutdownTimeout: 60000, moz:useNonSpecCompliantPointerOrigin: false, moz:webdriverClick: true, pageLoadStrategy: normal, platform: WINDOWS, platformName: WINDOWS, platformVersion: 10.0, proxy: Proxy(), setWindowRect: true, strictFileInteractability: false, timeouts: {implicit: 0, pageLoad: 300000, script: 30000}, unhandledPromptBehavior: dismiss and notify}
Session ID: 8aedc28a-99db-4d4a-9dc7-d8bb5d936dbf
	at TestCases.MTestCase.verifyOnClickingOKButtonWithInvalidOTPRedirectToOrderFailedScreen(MTestCase.java:175)
</failure>
    <system-out><![CDATA[frame switch to Transaction details page
entered invalid otp
clicked on OK button
]]></system-out>
  </testcase>
  <testcase name="verifyOnClickingCancelButtonRedirectToOrderFailedScreen" classname="TestCases.MTestCase" time="24.928">
    <failure message="Browsing context has been discarded&#10;Build info: version: &apos;3.141.59&apos;, revision: &apos;e82be7d358&apos;, time: &apos;2018-11-14T08:17:03&apos;&#10;System info: host: &apos;BHUSHANVERMA-PR&apos;, ip: &apos;192.168.43.116&apos;, os.name: &apos;Windows 10&apos;, os.arch: &apos;x86&apos;, os.version: &apos;10.0&apos;, java.version: &apos;1.8.0_271&apos;&#10;Driver info: org.openqa.selenium.firefox.FirefoxDriver&#10;Capabilities {acceptInsecureCerts: true, browserName: firefox, browserVersion: 91.0.2, javascriptEnabled: true, moz:accessibilityChecks: false, moz:buildID: 20210823123856, moz:geckodriverVersion: 0.29.1, moz:headless: false, moz:processID: 12260, moz:profile: C:\Users\Bhushan Verma\AppD..., moz:shutdownTimeout: 60000, moz:useNonSpecCompliantPointerOrigin: false, moz:webdriverClick: true, pageLoadStrategy: normal, platform: WINDOWS, platformName: WINDOWS, platformVersion: 10.0, proxy: Proxy(), setWindowRect: true, strictFileInteractability: false, timeouts: {implicit: 0, pageLoad: 300000, script: 30000}, unhandledPromptBehavior: dismiss and notify}&#10;Session ID: 8aedc28a-99db-4d4a-9dc7-d8bb5d936dbf" type="org.openqa.selenium.NoSuchWindowException">org.openqa.selenium.NoSuchWindowException: 
Browsing context has been discarded
Build info: version: '3.141.59', revision: 'e82be7d358', time: '2018-11-14T08:17:03'
System info: host: 'BHUSHANVERMA-PR', ip: '192.168.43.116', os.name: 'Windows 10', os.arch: 'x86', os.version: '10.0', java.version: '1.8.0_271'
Driver info: org.openqa.selenium.firefox.FirefoxDriver
Capabilities {acceptInsecureCerts: true, browserName: firefox, browserVersion: 91.0.2, javascriptEnabled: true, moz:accessibilityChecks: false, moz:buildID: 20210823123856, moz:geckodriverVersion: 0.29.1, moz:headless: false, moz:processID: 12260, moz:profile: C:\Users\Bhushan Verma\AppD..., moz:shutdownTimeout: 60000, moz:useNonSpecCompliantPointerOrigin: false, moz:webdriverClick: true, pageLoadStrategy: normal, platform: WINDOWS, platformName: WINDOWS, platformVersion: 10.0, proxy: Proxy(), setWindowRect: true, strictFileInteractability: false, timeouts: {implicit: 0, pageLoad: 300000, script: 30000}, unhandledPromptBehavior: dismiss and notify}
Session ID: 8aedc28a-99db-4d4a-9dc7-d8bb5d936dbf
	at TestCases.MTestCase.verifyOnClickingCancelButtonRedirectToOrderFailedScreen(MTestCase.java:182)
</failure>
    <system-out><![CDATA[frame switch to Transaction details page
]]></system-out>
  </testcase>
</testsuite>