<?xml version="1.0" encoding="UTF-8"?>
<testng-results skipped="0" failed="0" ignored="9" total="15" passed="6">
  <reporter-output>
  </reporter-output>
  <suite name="REGRESSION-TEST" duration-ms="85615" started-at="2021-08-29T21:55:26Z" finished-at="2021-08-29T21:56:52Z">
    <groups>
      <group name="regression">
        <method signature="MTestCase.verifyAfterEnteringValidCardDetailsPayNowEnabled()[pri:11, instance:TestCases.MTestCase@17f6480]" name="verifyAfterEnteringValidCardDetailsPayNowEnabled" class="TestCases.MTestCase"/>
        <method signature="MTestCase.verifyClickOnBuyNowRedirectToCheckOutPage()[pri:2, instance:TestCases.MTestCase@17f6480]" name="verifyClickOnBuyNowRedirectToCheckOutPage" class="TestCases.MTestCase"/>
        <method signature="MTestCase.verifyClickOnCreditDebitCardPaymentMethodRedirectedCardDetailsScreen()[pri:9, instance:TestCases.MTestCase@17f6480]" name="verifyClickOnCreditDebitCardPaymentMethodRedirectedCardDetailsScreen" class="TestCases.MTestCase"/>
        <method signature="MTestCase.verifyClickingOnCheckoutButtonRedirectToOrderSummaryPopup()[pri:5, instance:TestCases.MTestCase@17f6480]" name="verifyClickingOnCheckoutButtonRedirectToOrderSummaryPopup" class="TestCases.MTestCase"/>
        <method signature="MTestCase.verifyClickingOnContinueButtonRedirectSelectPaymentPage()[pri:7, instance:TestCases.MTestCase@17f6480]" name="verifyClickingOnContinueButtonRedirectSelectPaymentPage" class="TestCases.MTestCase"/>
        <method signature="MTestCase.verifyOnClickingOKButtonWithValidOTPRedirectToOrderSuccssfullScreen()[pri:13, instance:TestCases.MTestCase@17f6480]" name="verifyOnClickingOKButtonWithValidOTPRedirectToOrderSuccssfullScreen" class="TestCases.MTestCase"/>
      </group> <!-- regression -->
      <group name="smoke">
        <method signature="MTestCase.verifyAfterEnteringValidCardDetailsPayNowEnabled()[pri:11, instance:TestCases.MTestCase@17f6480]" name="verifyAfterEnteringValidCardDetailsPayNowEnabled" class="TestCases.MTestCase"/>
        <method signature="MTestCase.verifyClickOnBuyNowRedirectToCheckOutPage()[pri:2, instance:TestCases.MTestCase@17f6480]" name="verifyClickOnBuyNowRedirectToCheckOutPage" class="TestCases.MTestCase"/>
        <method signature="MTestCase.verifyClickOnCreditDebitCardPaymentMethodRedirectedCardDetailsScreen()[pri:9, instance:TestCases.MTestCase@17f6480]" name="verifyClickOnCreditDebitCardPaymentMethodRedirectedCardDetailsScreen" class="TestCases.MTestCase"/>
        <method signature="MTestCase.verifyClickingOnCheckoutButtonRedirectToOrderSummaryPopup()[pri:5, instance:TestCases.MTestCase@17f6480]" name="verifyClickingOnCheckoutButtonRedirectToOrderSummaryPopup" class="TestCases.MTestCase"/>
        <method signature="MTestCase.verifyClickingOnContinueButtonRedirectSelectPaymentPage()[pri:7, instance:TestCases.MTestCase@17f6480]" name="verifyClickingOnContinueButtonRedirectSelectPaymentPage" class="TestCases.MTestCase"/>
        <method signature="MTestCase.verifyOnClickingOKButtonWithValidOTPRedirectToOrderSuccssfullScreen()[pri:13, instance:TestCases.MTestCase@17f6480]" name="verifyOnClickingOKButtonWithValidOTPRedirectToOrderSuccssfullScreen" class="TestCases.MTestCase"/>
      </group> <!-- smoke -->
    </groups>
    <test name="test" duration-ms="85615" started-at="2021-08-29T21:55:26Z" finished-at="2021-08-29T21:56:52Z">
      <class name="TestCases.MTestCase">
        <test-method status="PASS" signature="tearUp()[pri:0, instance:TestCases.MTestCase@17f6480]" name="tearUp" is-config="true" duration-ms="3221" started-at="2021-08-29T21:55:26Z" finished-at="2021-08-29T21:55:29Z">
          <reporter-output>
          </reporter-output>
        </test-method> <!-- tearUp -->
        <test-method status="PASS" signature="launchWebsite()[pri:0, instance:TestCases.MTestCase@17f6480]" name="launchWebsite" is-config="true" duration-ms="5557" started-at="2021-08-29T21:55:29Z" finished-at="2021-08-29T21:55:35Z">
          <reporter-output>
          </reporter-output>
        </test-method> <!-- launchWebsite -->
        <test-method status="PASS" signature="verifyClickOnBuyNowRedirectToCheckOutPage()[pri:2, instance:TestCases.MTestCase@17f6480]" name="verifyClickOnBuyNowRedirectToCheckOutPage" duration-ms="325" started-at="2021-08-29T21:55:35Z" finished-at="2021-08-29T21:55:35Z">
          <reporter-output>
          </reporter-output>
        </test-method> <!-- verifyClickOnBuyNowRedirectToCheckOutPage -->
        <test-method status="PASS" signature="launchWebsite()[pri:0, instance:TestCases.MTestCase@17f6480]" name="launchWebsite" is-config="true" duration-ms="4087" started-at="2021-08-29T21:55:35Z" finished-at="2021-08-29T21:55:39Z">
          <reporter-output>
          </reporter-output>
        </test-method> <!-- launchWebsite -->
        <test-method status="PASS" signature="verifyClickingOnCheckoutButtonRedirectToOrderSummaryPopup()[pri:5, instance:TestCases.MTestCase@17f6480]" name="verifyClickingOnCheckoutButtonRedirectToOrderSummaryPopup" duration-ms="2687" started-at="2021-08-29T21:55:39Z" finished-at="2021-08-29T21:55:42Z">
          <reporter-output>
          </reporter-output>
        </test-method> <!-- verifyClickingOnCheckoutButtonRedirectToOrderSummaryPopup -->
        <test-method status="PASS" signature="launchWebsite()[pri:0, instance:TestCases.MTestCase@17f6480]" name="launchWebsite" is-config="true" duration-ms="4033" started-at="2021-08-29T21:55:42Z" finished-at="2021-08-29T21:55:46Z">
          <reporter-output>
          </reporter-output>
        </test-method> <!-- launchWebsite -->
        <test-method status="PASS" signature="verifyClickingOnContinueButtonRedirectSelectPaymentPage()[pri:7, instance:TestCases.MTestCase@17f6480]" name="verifyClickingOnContinueButtonRedirectSelectPaymentPage" duration-ms="3051" started-at="2021-08-29T21:55:46Z" finished-at="2021-08-29T21:55:49Z">
          <reporter-output>
          </reporter-output>
        </test-method> <!-- verifyClickingOnContinueButtonRedirectSelectPaymentPage -->
        <test-method status="PASS" signature="launchWebsite()[pri:0, instance:TestCases.MTestCase@17f6480]" name="launchWebsite" is-config="true" duration-ms="3947" started-at="2021-08-29T21:55:49Z" finished-at="2021-08-29T21:55:53Z">
          <reporter-output>
          </reporter-output>
        </test-method> <!-- launchWebsite -->
        <test-method status="PASS" signature="verifyClickOnCreditDebitCardPaymentMethodRedirectedCardDetailsScreen()[pri:9, instance:TestCases.MTestCase@17f6480]" name="verifyClickOnCreditDebitCardPaymentMethodRedirectedCardDetailsScreen" duration-ms="3978" started-at="2021-08-29T21:55:53Z" finished-at="2021-08-29T21:55:57Z">
          <reporter-output>
          </reporter-output>
        </test-method> <!-- verifyClickOnCreditDebitCardPaymentMethodRedirectedCardDetailsScreen -->
        <test-method status="PASS" signature="launchWebsite()[pri:0, instance:TestCases.MTestCase@17f6480]" name="launchWebsite" is-config="true" duration-ms="3468" started-at="2021-08-29T21:55:57Z" finished-at="2021-08-29T21:56:01Z">
          <reporter-output>
          </reporter-output>
        </test-method> <!-- launchWebsite -->
        <test-method status="PASS" signature="verifyAfterEnteringValidCardDetailsPayNowEnabled()[pri:11, instance:TestCases.MTestCase@17f6480]" name="verifyAfterEnteringValidCardDetailsPayNowEnabled" duration-ms="17244" started-at="2021-08-29T21:56:01Z" finished-at="2021-08-29T21:56:18Z">
          <reporter-output>
          </reporter-output>
        </test-method> <!-- verifyAfterEnteringValidCardDetailsPayNowEnabled -->
        <test-method status="PASS" signature="launchWebsite()[pri:0, instance:TestCases.MTestCase@17f6480]" name="launchWebsite" is-config="true" duration-ms="4208" started-at="2021-08-29T21:56:18Z" finished-at="2021-08-29T21:56:22Z">
          <reporter-output>
          </reporter-output>
        </test-method> <!-- launchWebsite -->
        <test-method status="PASS" signature="verifyOnClickingOKButtonWithValidOTPRedirectToOrderSuccssfullScreen()[pri:13, instance:TestCases.MTestCase@17f6480]" name="verifyOnClickingOKButtonWithValidOTPRedirectToOrderSuccssfullScreen" duration-ms="28931" started-at="2021-08-29T21:56:22Z" finished-at="2021-08-29T21:56:51Z">
          <reporter-output>
          </reporter-output>
        </test-method> <!-- verifyOnClickingOKButtonWithValidOTPRedirectToOrderSuccssfullScreen -->
        <test-method status="PASS" signature="teardown()[pri:0, instance:TestCases.MTestCase@17f6480]" name="teardown" is-config="true" duration-ms="825" started-at="2021-08-29T21:56:51Z" finished-at="2021-08-29T21:56:52Z">
          <reporter-output>
          </reporter-output>
        </test-method> <!-- teardown -->
      </class> <!-- TestCases.MTestCase -->
    </test> <!-- test -->
  </suite> <!-- REGRESSION-TEST -->
</testng-results>
