<?xml version="1.0" encoding="UTF-8"?>
<testng-results skipped="0" failed="0" ignored="0" total="15" passed="15">
  <reporter-output>
  </reporter-output>
  <suite name="REGRESSION-TEST" duration-ms="245207" started-at="2021-08-30T15:58:05Z" finished-at="2021-08-30T16:02:11Z">
    <groups>
      <group name="regression">
        <method signature="MTestCase.verifyAfterEnteringValidCardDetailsPayNowEnabled()[pri:11, instance:TestCases.MTestCase@17f6480]" name="verifyAfterEnteringValidCardDetailsPayNowEnabled" class="TestCases.MTestCase"/>
        <method signature="MTestCase.verifyAllPaymentOptionsListOnPaymentPage()[pri:8, instance:TestCases.MTestCase@17f6480]" name="verifyAllPaymentOptionsListOnPaymentPage" class="TestCases.MTestCase"/>
        <method signature="MTestCase.verifyCheckOutDetails()[pri:3, instance:TestCases.MTestCase@17f6480]" name="verifyCheckOutDetails" class="TestCases.MTestCase"/>
        <method signature="MTestCase.verifyClickOnBuyNowRedirectToCheckOutPage()[pri:2, instance:TestCases.MTestCase@17f6480]" name="verifyClickOnBuyNowRedirectToCheckOutPage" class="TestCases.MTestCase"/>
        <method signature="MTestCase.verifyClickOnCreditDebitCardPaymentMethodRedirectedCardDetailsScreen()[pri:9, instance:TestCases.MTestCase@17f6480]" name="verifyClickOnCreditDebitCardPaymentMethodRedirectedCardDetailsScreen" class="TestCases.MTestCase"/>
        <method signature="MTestCase.verifyClickingOnCheckoutButtonRedirectToOrderSummaryPopup()[pri:5, instance:TestCases.MTestCase@17f6480]" name="verifyClickingOnCheckoutButtonRedirectToOrderSummaryPopup" class="TestCases.MTestCase"/>
        <method signature="MTestCase.verifyClickingOnContinueButtonRedirectSelectPaymentPage()[pri:7, instance:TestCases.MTestCase@17f6480]" name="verifyClickingOnContinueButtonRedirectSelectPaymentPage" class="TestCases.MTestCase"/>
        <method signature="MTestCase.verifyClickingOnPayNowRedirectToBankPaymentScreenThanVerifyAllExitingDetails()[pri:12, instance:TestCases.MTestCase@17f6480]" name="verifyClickingOnPayNowRedirectToBankPaymentScreenThanVerifyAllExitingDetails" class="TestCases.MTestCase"/>
        <method signature="MTestCase.verifyMidTransPillowAddedToCartWith20000()[pri:1, instance:TestCases.MTestCase@17f6480]" name="verifyMidTransPillowAddedToCartWith20000" class="TestCases.MTestCase"/>
        <method signature="MTestCase.verifyNameEmailPhoneCityAddressPostalCodeFieldsAreEditable()[pri:4, instance:TestCases.MTestCase@17f6480]" name="verifyNameEmailPhoneCityAddressPostalCodeFieldsAreEditable" class="TestCases.MTestCase"/>
        <method signature="MTestCase.verifyOnClickingCancelButtonRedirectToOrderFailedScreen()[pri:15, instance:TestCases.MTestCase@17f6480]" name="verifyOnClickingCancelButtonRedirectToOrderFailedScreen" class="TestCases.MTestCase"/>
        <method signature="MTestCase.verifyOnClickingOKButtonWithInvalidOTPRedirectToOrderFailedScreen()[pri:14, instance:TestCases.MTestCase@17f6480]" name="verifyOnClickingOKButtonWithInvalidOTPRedirectToOrderFailedScreen" class="TestCases.MTestCase"/>
        <method signature="MTestCase.verifyOnClickingOKButtonWithValidOTPRedirectToOrderSuccssfullScreen()[pri:13, instance:TestCases.MTestCase@17f6480]" name="verifyOnClickingOKButtonWithValidOTPRedirectToOrderSuccssfullScreen" class="TestCases.MTestCase"/>
        <method signature="MTestCase.verifyOrderAmountAndApplyCouponCodeAndValidate()[pri:10, instance:TestCases.MTestCase@17f6480]" name="verifyOrderAmountAndApplyCouponCodeAndValidate" class="TestCases.MTestCase"/>
        <method signature="MTestCase.verifyPriceProductNameDetailsOnOrderSummeryPopup()[pri:6, instance:TestCases.MTestCase@17f6480]" name="verifyPriceProductNameDetailsOnOrderSummeryPopup" class="TestCases.MTestCase"/>
      </group> <!-- regression -->
      <group name="smoke">
        <method signature="MTestCase.verifyAfterEnteringValidCardDetailsPayNowEnabled()[pri:11, instance:TestCases.MTestCase@17f6480]" name="verifyAfterEnteringValidCardDetailsPayNowEnabled" class="TestCases.MTestCase"/>
        <method signature="MTestCase.verifyClickOnBuyNowRedirectToCheckOutPage()[pri:2, instance:TestCases.MTestCase@17f6480]" name="verifyClickOnBuyNowRedirectToCheckOutPage" class="TestCases.MTestCase"/>
        <method signature="MTestCase.verifyClickOnCreditDebitCardPaymentMethodRedirectedCardDetailsScreen()[pri:9, instance:TestCases.MTestCase@17f6480]" name="verifyClickOnCreditDebitCardPaymentMethodRedirectedCardDetailsScreen" class="TestCases.MTestCase"/>
        <method signature="MTestCase.verifyClickingOnCheckoutButtonRedirectToOrderSummaryPopup()[pri:5, instance:TestCases.MTestCase@17f6480]" name="verifyClickingOnCheckoutButtonRedirectToOrderSummaryPopup" class="TestCases.MTestCase"/>
        <method signature="MTestCase.verifyClickingOnContinueButtonRedirectSelectPaymentPage()[pri:7, instance:TestCases.MTestCase@17f6480]" name="verifyClickingOnContinueButtonRedirectSelectPaymentPage" class="TestCases.MTestCase"/>
        <method signature="MTestCase.verifyOnClickingOKButtonWithValidOTPRedirectToOrderSuccssfullScreen()[pri:13, instance:TestCases.MTestCase@17f6480]" name="verifyOnClickingOKButtonWithValidOTPRedirectToOrderSuccssfullScreen" class="TestCases.MTestCase"/>
      </group> <!-- smoke -->
    </groups>
    <test name="test" duration-ms="245207" started-at="2021-08-30T15:58:05Z" finished-at="2021-08-30T16:02:11Z">
      <class name="TestCases.MTestCase">
        <test-method status="PASS" signature="tearUp()[pri:0, instance:TestCases.MTestCase@17f6480]" name="tearUp" is-config="true" duration-ms="2257" started-at="2021-08-30T15:58:05Z" finished-at="2021-08-30T15:58:08Z">
          <reporter-output>
          </reporter-output>
        </test-method> <!-- tearUp -->
        <test-method status="PASS" signature="launchWebsite()[pri:0, instance:TestCases.MTestCase@17f6480]" name="launchWebsite" is-config="true" duration-ms="10999" started-at="2021-08-30T15:58:08Z" finished-at="2021-08-30T15:58:19Z">
          <reporter-output>
          </reporter-output>
        </test-method> <!-- launchWebsite -->
        <test-method status="PASS" signature="verifyMidTransPillowAddedToCartWith20000()[pri:1, instance:TestCases.MTestCase@17f6480]" name="verifyMidTransPillowAddedToCartWith20000" duration-ms="702" started-at="2021-08-30T15:58:19Z" finished-at="2021-08-30T15:58:19Z">
          <reporter-output>
          </reporter-output>
        </test-method> <!-- verifyMidTransPillowAddedToCartWith20000 -->
        <test-method status="PASS" signature="launchWebsite()[pri:0, instance:TestCases.MTestCase@17f6480]" name="launchWebsite" is-config="true" duration-ms="3486" started-at="2021-08-30T15:58:19Z" finished-at="2021-08-30T15:58:23Z">
          <reporter-output>
          </reporter-output>
        </test-method> <!-- launchWebsite -->
        <test-method status="PASS" signature="verifyClickOnBuyNowRedirectToCheckOutPage()[pri:2, instance:TestCases.MTestCase@17f6480]" name="verifyClickOnBuyNowRedirectToCheckOutPage" duration-ms="192" started-at="2021-08-30T15:58:23Z" finished-at="2021-08-30T15:58:23Z">
          <reporter-output>
          </reporter-output>
        </test-method> <!-- verifyClickOnBuyNowRedirectToCheckOutPage -->
        <test-method status="PASS" signature="launchWebsite()[pri:0, instance:TestCases.MTestCase@17f6480]" name="launchWebsite" is-config="true" duration-ms="4452" started-at="2021-08-30T15:58:23Z" finished-at="2021-08-30T15:58:27Z">
          <reporter-output>
          </reporter-output>
        </test-method> <!-- launchWebsite -->
        <test-method status="PASS" signature="verifyCheckOutDetails()[pri:3, instance:TestCases.MTestCase@17f6480]" name="verifyCheckOutDetails" duration-ms="998" started-at="2021-08-30T15:58:27Z" finished-at="2021-08-30T15:58:28Z">
          <reporter-output>
          </reporter-output>
        </test-method> <!-- verifyCheckOutDetails -->
        <test-method status="PASS" signature="launchWebsite()[pri:0, instance:TestCases.MTestCase@17f6480]" name="launchWebsite" is-config="true" duration-ms="4526" started-at="2021-08-30T15:58:28Z" finished-at="2021-08-30T15:58:33Z">
          <reporter-output>
          </reporter-output>
        </test-method> <!-- launchWebsite -->
        <test-method status="PASS" signature="verifyNameEmailPhoneCityAddressPostalCodeFieldsAreEditable()[pri:4, instance:TestCases.MTestCase@17f6480]" name="verifyNameEmailPhoneCityAddressPostalCodeFieldsAreEditable" duration-ms="3827" started-at="2021-08-30T15:58:33Z" finished-at="2021-08-30T15:58:37Z">
          <reporter-output>
          </reporter-output>
        </test-method> <!-- verifyNameEmailPhoneCityAddressPostalCodeFieldsAreEditable -->
        <test-method status="PASS" signature="launchWebsite()[pri:0, instance:TestCases.MTestCase@17f6480]" name="launchWebsite" is-config="true" duration-ms="4537" started-at="2021-08-30T15:58:37Z" finished-at="2021-08-30T15:58:41Z">
          <reporter-output>
          </reporter-output>
        </test-method> <!-- launchWebsite -->
        <test-method status="PASS" signature="verifyClickingOnCheckoutButtonRedirectToOrderSummaryPopup()[pri:5, instance:TestCases.MTestCase@17f6480]" name="verifyClickingOnCheckoutButtonRedirectToOrderSummaryPopup" duration-ms="5951" started-at="2021-08-30T15:58:41Z" finished-at="2021-08-30T15:58:47Z">
          <reporter-output>
          </reporter-output>
        </test-method> <!-- verifyClickingOnCheckoutButtonRedirectToOrderSummaryPopup -->
        <test-method status="PASS" signature="launchWebsite()[pri:0, instance:TestCases.MTestCase@17f6480]" name="launchWebsite" is-config="true" duration-ms="3946" started-at="2021-08-30T15:58:47Z" finished-at="2021-08-30T15:58:51Z">
          <reporter-output>
          </reporter-output>
        </test-method> <!-- launchWebsite -->
        <test-method status="PASS" signature="verifyPriceProductNameDetailsOnOrderSummeryPopup()[pri:6, instance:TestCases.MTestCase@17f6480]" name="verifyPriceProductNameDetailsOnOrderSummeryPopup" duration-ms="10221" started-at="2021-08-30T15:58:51Z" finished-at="2021-08-30T15:59:01Z">
          <reporter-output>
          </reporter-output>
        </test-method> <!-- verifyPriceProductNameDetailsOnOrderSummeryPopup -->
        <test-method status="PASS" signature="launchWebsite()[pri:0, instance:TestCases.MTestCase@17f6480]" name="launchWebsite" is-config="true" duration-ms="4026" started-at="2021-08-30T15:59:01Z" finished-at="2021-08-30T15:59:05Z">
          <reporter-output>
          </reporter-output>
        </test-method> <!-- launchWebsite -->
        <test-method status="PASS" signature="verifyClickingOnContinueButtonRedirectSelectPaymentPage()[pri:7, instance:TestCases.MTestCase@17f6480]" name="verifyClickingOnContinueButtonRedirectSelectPaymentPage" duration-ms="6500" started-at="2021-08-30T15:59:05Z" finished-at="2021-08-30T15:59:12Z">
          <reporter-output>
          </reporter-output>
        </test-method> <!-- verifyClickingOnContinueButtonRedirectSelectPaymentPage -->
        <test-method status="PASS" signature="launchWebsite()[pri:0, instance:TestCases.MTestCase@17f6480]" name="launchWebsite" is-config="true" duration-ms="4106" started-at="2021-08-30T15:59:12Z" finished-at="2021-08-30T15:59:16Z">
          <reporter-output>
          </reporter-output>
        </test-method> <!-- launchWebsite -->
        <test-method status="PASS" signature="verifyAllPaymentOptionsListOnPaymentPage()[pri:8, instance:TestCases.MTestCase@17f6480]" name="verifyAllPaymentOptionsListOnPaymentPage" duration-ms="7525" started-at="2021-08-30T15:59:16Z" finished-at="2021-08-30T15:59:24Z">
          <reporter-output>
          </reporter-output>
        </test-method> <!-- verifyAllPaymentOptionsListOnPaymentPage -->
        <test-method status="PASS" signature="launchWebsite()[pri:0, instance:TestCases.MTestCase@17f6480]" name="launchWebsite" is-config="true" duration-ms="3713" started-at="2021-08-30T15:59:24Z" finished-at="2021-08-30T15:59:27Z">
          <reporter-output>
          </reporter-output>
        </test-method> <!-- launchWebsite -->
        <test-method status="PASS" signature="verifyClickOnCreditDebitCardPaymentMethodRedirectedCardDetailsScreen()[pri:9, instance:TestCases.MTestCase@17f6480]" name="verifyClickOnCreditDebitCardPaymentMethodRedirectedCardDetailsScreen" duration-ms="7101" started-at="2021-08-30T15:59:27Z" finished-at="2021-08-30T15:59:34Z">
          <reporter-output>
          </reporter-output>
        </test-method> <!-- verifyClickOnCreditDebitCardPaymentMethodRedirectedCardDetailsScreen -->
        <test-method status="PASS" signature="launchWebsite()[pri:0, instance:TestCases.MTestCase@17f6480]" name="launchWebsite" is-config="true" duration-ms="3603" started-at="2021-08-30T15:59:34Z" finished-at="2021-08-30T15:59:38Z">
          <reporter-output>
          </reporter-output>
        </test-method> <!-- launchWebsite -->
        <test-method status="PASS" signature="verifyOrderAmountAndApplyCouponCodeAndValidate()[pri:10, instance:TestCases.MTestCase@17f6480]" name="verifyOrderAmountAndApplyCouponCodeAndValidate" duration-ms="7998" started-at="2021-08-30T15:59:38Z" finished-at="2021-08-30T15:59:46Z">
          <reporter-output>
          </reporter-output>
        </test-method> <!-- verifyOrderAmountAndApplyCouponCodeAndValidate -->
        <test-method status="PASS" signature="launchWebsite()[pri:0, instance:TestCases.MTestCase@17f6480]" name="launchWebsite" is-config="true" duration-ms="3695" started-at="2021-08-30T15:59:46Z" finished-at="2021-08-30T15:59:50Z">
          <reporter-output>
          </reporter-output>
        </test-method> <!-- launchWebsite -->
        <test-method status="PASS" signature="verifyAfterEnteringValidCardDetailsPayNowEnabled()[pri:11, instance:TestCases.MTestCase@17f6480]" name="verifyAfterEnteringValidCardDetailsPayNowEnabled" duration-ms="18884" started-at="2021-08-30T15:59:50Z" finished-at="2021-08-30T16:00:09Z">
          <reporter-output>
          </reporter-output>
        </test-method> <!-- verifyAfterEnteringValidCardDetailsPayNowEnabled -->
        <test-method status="PASS" signature="launchWebsite()[pri:0, instance:TestCases.MTestCase@17f6480]" name="launchWebsite" is-config="true" duration-ms="4174" started-at="2021-08-30T16:00:09Z" finished-at="2021-08-30T16:00:13Z">
          <reporter-output>
          </reporter-output>
        </test-method> <!-- launchWebsite -->
        <test-method status="PASS" signature="verifyClickingOnPayNowRedirectToBankPaymentScreenThanVerifyAllExitingDetails()[pri:12, instance:TestCases.MTestCase@17f6480]" name="verifyClickingOnPayNowRedirectToBankPaymentScreenThanVerifyAllExitingDetails" duration-ms="21262" started-at="2021-08-30T16:00:13Z" finished-at="2021-08-30T16:00:34Z">
          <reporter-output>
          </reporter-output>
        </test-method> <!-- verifyClickingOnPayNowRedirectToBankPaymentScreenThanVerifyAllExitingDetails -->
        <test-method status="PASS" signature="launchWebsite()[pri:0, instance:TestCases.MTestCase@17f6480]" name="launchWebsite" is-config="true" duration-ms="4144" started-at="2021-08-30T16:00:34Z" finished-at="2021-08-30T16:00:38Z">
          <reporter-output>
          </reporter-output>
        </test-method> <!-- launchWebsite -->
        <test-method status="PASS" signature="verifyOnClickingOKButtonWithValidOTPRedirectToOrderSuccssfullScreen()[pri:13, instance:TestCases.MTestCase@17f6480]" name="verifyOnClickingOKButtonWithValidOTPRedirectToOrderSuccssfullScreen" duration-ms="26255" started-at="2021-08-30T16:00:38Z" finished-at="2021-08-30T16:01:04Z">
          <reporter-output>
          </reporter-output>
        </test-method> <!-- verifyOnClickingOKButtonWithValidOTPRedirectToOrderSuccssfullScreen -->
        <test-method status="PASS" signature="launchWebsite()[pri:0, instance:TestCases.MTestCase@17f6480]" name="launchWebsite" is-config="true" duration-ms="4509" started-at="2021-08-30T16:01:04Z" finished-at="2021-08-30T16:01:09Z">
          <reporter-output>
          </reporter-output>
        </test-method> <!-- launchWebsite -->
        <test-method status="PASS" signature="verifyOnClickingOKButtonWithInvalidOTPRedirectToOrderFailedScreen()[pri:14, instance:TestCases.MTestCase@17f6480]" name="verifyOnClickingOKButtonWithInvalidOTPRedirectToOrderFailedScreen" duration-ms="31178" started-at="2021-08-30T16:01:09Z" finished-at="2021-08-30T16:01:40Z">
          <reporter-output>
          </reporter-output>
        </test-method> <!-- verifyOnClickingOKButtonWithInvalidOTPRedirectToOrderFailedScreen -->
        <test-method status="PASS" signature="launchWebsite()[pri:0, instance:TestCases.MTestCase@17f6480]" name="launchWebsite" is-config="true" duration-ms="4371" started-at="2021-08-30T16:01:40Z" finished-at="2021-08-30T16:01:44Z">
          <reporter-output>
          </reporter-output>
        </test-method> <!-- launchWebsite -->
        <test-method status="PASS" signature="verifyOnClickingCancelButtonRedirectToOrderFailedScreen()[pri:15, instance:TestCases.MTestCase@17f6480]" name="verifyOnClickingCancelButtonRedirectToOrderFailedScreen" duration-ms="25209" started-at="2021-08-30T16:01:44Z" finished-at="2021-08-30T16:02:10Z">
          <reporter-output>
          </reporter-output>
        </test-method> <!-- verifyOnClickingCancelButtonRedirectToOrderFailedScreen -->
        <test-method status="PASS" signature="teardown()[pri:0, instance:TestCases.MTestCase@17f6480]" name="teardown" is-config="true" duration-ms="828" started-at="2021-08-30T16:02:10Z" finished-at="2021-08-30T16:02:11Z">
          <reporter-output>
          </reporter-output>
        </test-method> <!-- teardown -->
      </class> <!-- TestCases.MTestCase -->
    </test> <!-- test -->
  </suite> <!-- REGRESSION-TEST -->
</testng-results>
