<?xml version="1.0" encoding="UTF-8"?>
<!-- Generated by org.testng.reporters.JUnitReportReporter -->
<testsuite skipped="0" hostname="BhushanVerma-ProcessQA" name="TestCases.MTestCase" tests="15" failures="0" timestamp="01 Sep 2021 16:41:40 GMT" time="207.395" errors="0">
  <testcase name="verifyMidTransPillowAddedToCartWith20000" time="3.067" classname="TestCases.MTestCase"/>
  <testcase name="verifyClickOnBuyNowRedirectToCheckOutPage" time="3.222" classname="TestCases.MTestCase"/>
  <testcase name="verifyCheckOutDetails" time="3.287" classname="TestCases.MTestCase"/>
  <testcase name="verifyNameEmailPhoneCityAddressPostalCodeFieldsAreEditable" time="5.303" classname="TestCases.MTestCase"/>
  <testcase name="verifyClickingOnCheckoutButtonRedirectToOrderSummaryPopup" time="9.962" classname="TestCases.MTestCase"/>
  <testcase name="verifyPriceProductNameDetailsOnOrderSummeryPopup" time="12.407" classname="TestCases.MTestCase"/>
  <testcase name="verifyClickingOnContinueButtonRedirectSelectPaymentPage" time="8.634" classname="TestCases.MTestCase"/>
  <testcase name="verifyAllPaymentOptionsListOnPaymentPage" time="9.449" classname="TestCases.MTestCase"/>
  <testcase name="verifyClickOnCreditDebitCardPaymentMethodRedirectedCardDetailsScreen" time="9.562" classname="TestCases.MTestCase"/>
  <testcase name="verifyOrderAmountAndApplyCouponCodeAndValidate" time="10.945" classname="TestCases.MTestCase"/>
  <testcase name="verifyAfterEnteringValidCardDetailsPayNowEnabled" time="21.265" classname="TestCases.MTestCase"/>
  <testcase name="verifyClickingOnPayNowRedirectToBankPaymentScreenThanVerifyAllExitingDetails" time="21.335" classname="TestCases.MTestCase"/>
  <testcase name="verifyOnClickingOKButtonWithValidOTPRedirectToOrderSuccssfullScreen" time="28.583" classname="TestCases.MTestCase"/>
  <testcase name="verifyOnClickingOKButtonWithInvalidOTPRedirectToOrderFailedScreen" time="32.963" classname="TestCases.MTestCase"/>
  <testcase name="verifyOnClickingCancelButtonRedirectToOrderFailedScreen" time="27.411" classname="TestCases.MTestCase"/>
</testsuite> <!-- TestCases.MTestCase -->
